INFO - 2024-12-12 03:42:16 --> Session: Class initialized using 'CodeIgniter\Session\Handlers\FileHandler' driver.
INFO - 2024-12-12 03:42:16 --> Session: Class initialized using 'CodeIgniter\Session\Handlers\FileHandler' driver.
INFO - 2024-12-12 07:48:31 --> Session: Class initialized using 'CodeIgniter\Session\Handlers\FileHandler' driver.
INFO - 2024-12-12 07:48:31 --> Session: Class initialized using 'CodeIgniter\Session\Handlers\FileHandler' driver.
INFO - 2024-12-12 07:48:37 --> Session: Class initialized using 'CodeIgniter\Session\Handlers\FileHandler' driver.
INFO - 2024-12-12 07:48:38 --> Session: Class initialized using 'CodeIgniter\Session\Handlers\FileHandler' driver.
INFO - 2024-12-12 07:48:46 --> Session: Class initialized using 'CodeIgniter\Session\Handlers\FileHandler' driver.
INFO - 2024-12-12 07:48:46 --> Session: Class initialized using 'CodeIgniter\Session\Handlers\FileHandler' driver.
INFO - 2024-12-12 07:48:46 --> Session: Class initialized using 'CodeIgniter\Session\Handlers\FileHandler' driver.
INFO - 2024-12-12 07:48:51 --> Session: Class initialized using 'CodeIgniter\Session\Handlers\FileHandler' driver.
INFO - 2024-12-12 07:48:51 --> Session: Class initialized using 'CodeIgniter\Session\Handlers\FileHandler' driver.
INFO - 2024-12-12 07:48:58 --> Session: Class initialized using 'CodeIgniter\Session\Handlers\FileHandler' driver.
INFO - 2024-12-12 07:48:58 --> Session: Class initialized using 'CodeIgniter\Session\Handlers\FileHandler' driver.
INFO - 2024-12-12 07:49:00 --> Session: Class initialized using 'CodeIgniter\Session\Handlers\FileHandler' driver.
INFO - 2024-12-12 07:49:07 --> Session: Class initialized using 'CodeIgniter\Session\Handlers\FileHandler' driver.
INFO - 2024-12-12 07:49:12 --> Session: Class initialized using 'CodeIgniter\Session\Handlers\FileHandler' driver.
INFO - 2024-12-12 07:49:12 --> Session: Class initialized using 'CodeIgniter\Session\Handlers\FileHandler' driver.
INFO - 2024-12-12 07:49:13 --> Session: Class initialized using 'CodeIgniter\Session\Handlers\FileHandler' driver.
INFO - 2024-12-12 07:49:13 --> Session: Class initialized using 'CodeIgniter\Session\Handlers\FileHandler' driver.
INFO - 2024-12-12 07:49:14 --> Session: Class initialized using 'CodeIgniter\Session\Handlers\FileHandler' driver.
INFO - 2024-12-12 07:49:14 --> Session: Class initialized using 'CodeIgniter\Session\Handlers\FileHandler' driver.
INFO - 2024-12-12 07:49:19 --> Session: Class initialized using 'CodeIgniter\Session\Handlers\FileHandler' driver.
INFO - 2024-12-12 07:49:19 --> Session: Class initialized using 'CodeIgniter\Session\Handlers\FileHandler' driver.
INFO - 2024-12-12 07:49:20 --> Session: Class initialized using 'CodeIgniter\Session\Handlers\FileHandler' driver.
INFO - 2024-12-12 07:49:26 --> Session: Class initialized using 'CodeIgniter\Session\Handlers\FileHandler' driver.
INFO - 2024-12-12 07:49:26 --> Session: Class initialized using 'CodeIgniter\Session\Handlers\FileHandler' driver.
INFO - 2024-12-12 07:49:33 --> Session: Class initialized using 'CodeIgniter\Session\Handlers\FileHandler' driver.
INFO - 2024-12-12 07:49:40 --> Session: Class initialized using 'CodeIgniter\Session\Handlers\FileHandler' driver.
DEBUG - 2024-12-12 07:49:40 --> Review Data: Array
(
    [0] => stdClass Object
        (
            [id] => 4
            [daftar_rps_id] => 14
            [unsur_id] => 1
            [status] => Sesuai
            [catatan] => 
            [created_at] => 2024-12-11 21:09:53
            [updated_at] => 2024-12-11 21:09:53
            [review_gpm] => Sesuai
            [review_kajur] => Belum diperiksa
            [catatan_gpm] => 
            [catatan_kajur] => 
            [reviewer_role] => gpm
            [reviewer_id] => 8
        )

    [1] => stdClass Object
        (
            [id] => 5
            [daftar_rps_id] => 14
            [unsur_id] => 3
            [status] => Sesuai
            [catatan] => 
            [created_at] => 2024-12-11 21:09:53
            [updated_at] => 2024-12-11 21:09:53
            [review_gpm] => Sesuai
            [review_kajur] => Belum diperiksa
            [catatan_gpm] => sjcbajsc
            [catatan_kajur] => 
            [reviewer_role] => gpm
            [reviewer_id] => 8
        )

    [2] => stdClass Object
        (
            [id] => 6
            [daftar_rps_id] => 14
            [unsur_id] => 7
            [status] => Sesuai
            [catatan] => 
            [created_at] => 2024-12-11 21:09:53
            [updated_at] => 2024-12-11 21:09:53
            [review_gpm] => Sesuai
            [review_kajur] => Belum diperiksa
            [catatan_gpm] => 
            [catatan_kajur] => 
            [reviewer_role] => gpm
            [reviewer_id] => 8
        )

)

DEBUG - 2024-12-12 07:49:40 --> Review untuk unsur_id 1:
DEBUG - 2024-12-12 07:49:40 --> Catatan GPM: 
DEBUG - 2024-12-12 07:49:40 --> Catatan Kajur: kosong
DEBUG - 2024-12-12 07:49:40 --> Review untuk unsur_id 3:
DEBUG - 2024-12-12 07:49:40 --> Catatan GPM: sjcbajsc
DEBUG - 2024-12-12 07:49:40 --> Catatan Kajur: kosong
DEBUG - 2024-12-12 07:49:40 --> Review untuk unsur_id 7:
DEBUG - 2024-12-12 07:49:40 --> Catatan GPM: 
DEBUG - 2024-12-12 07:49:40 --> Catatan Kajur: kosong
INFO - 2024-12-12 07:50:43 --> Session: Class initialized using 'CodeIgniter\Session\Handlers\FileHandler' driver.
DEBUG - 2024-12-12 07:50:43 --> Review Data: Array
(
    [0] => stdClass Object
        (
            [id] => 4
            [daftar_rps_id] => 14
            [unsur_id] => 1
            [status] => Sesuai
            [catatan] => 
            [created_at] => 2024-12-11 21:09:53
            [updated_at] => 2024-12-11 21:09:53
            [review_gpm] => Sesuai
            [review_kajur] => Belum diperiksa
            [catatan_gpm] => 
            [catatan_kajur] => 
            [reviewer_role] => gpm
            [reviewer_id] => 8
        )

    [1] => stdClass Object
        (
            [id] => 5
            [daftar_rps_id] => 14
            [unsur_id] => 3
            [status] => Sesuai
            [catatan] => 
            [created_at] => 2024-12-11 21:09:53
            [updated_at] => 2024-12-11 21:09:53
            [review_gpm] => Sesuai
            [review_kajur] => Belum diperiksa
            [catatan_gpm] => sjcbajsc
            [catatan_kajur] => 
            [reviewer_role] => gpm
            [reviewer_id] => 8
        )

    [2] => stdClass Object
        (
            [id] => 6
            [daftar_rps_id] => 14
            [unsur_id] => 7
            [status] => Sesuai
            [catatan] => 
            [created_at] => 2024-12-11 21:09:53
            [updated_at] => 2024-12-11 21:09:53
            [review_gpm] => Sesuai
            [review_kajur] => Belum diperiksa
            [catatan_gpm] => 
            [catatan_kajur] => 
            [reviewer_role] => gpm
            [reviewer_id] => 8
        )

)

DEBUG - 2024-12-12 07:50:43 --> Review untuk unsur_id 1:
DEBUG - 2024-12-12 07:50:43 --> Catatan GPM: 
DEBUG - 2024-12-12 07:50:43 --> Catatan Kajur: kosong
DEBUG - 2024-12-12 07:50:43 --> Review untuk unsur_id 3:
DEBUG - 2024-12-12 07:50:43 --> Catatan GPM: sjcbajsc
DEBUG - 2024-12-12 07:50:43 --> Catatan Kajur: kosong
DEBUG - 2024-12-12 07:50:43 --> Review untuk unsur_id 7:
DEBUG - 2024-12-12 07:50:43 --> Catatan GPM: 
DEBUG - 2024-12-12 07:50:43 --> Catatan Kajur: kosong
CRITICAL - 2024-12-12 07:50:43 --> ErrorException: Undefined variable $reviewModel
[Method: GET, Route: dosen/feedback]
in APPPATH\Views\dosen\feedback.php on line 235.
 1 APPPATH\Views\dosen\feedback.php(235): CodeIgniter\Debug\Exceptions->errorHandler()
 2 SYSTEMPATH\View\View.php(234): include('C:\\xampp\\htdocs\\ci4\\app\\Views\\dosen\\feedback.php')
 3 SYSTEMPATH\View\View.php(237): CodeIgniter\View\View->CodeIgniter\View\{closure}()
 4 SYSTEMPATH\Common.php(1171): CodeIgniter\View\View->render()
 5 APPPATH\Controllers\dosenController.php(211): view()
 6 SYSTEMPATH\CodeIgniter.php(933): App\Controllers\dosenController->feedback()
 7 SYSTEMPATH\CodeIgniter.php(509): CodeIgniter\CodeIgniter->runController()
 8 SYSTEMPATH\CodeIgniter.php(355): CodeIgniter\CodeIgniter->handleRequest()
 9 SYSTEMPATH\Boot.php(325): CodeIgniter\CodeIgniter->run()
10 SYSTEMPATH\Boot.php(67): CodeIgniter\Boot::runCodeIgniter()
11 FCPATH\index.php(56): CodeIgniter\Boot::bootWeb()
12 SYSTEMPATH\rewrite.php(44): require_once('C:\\xampp\\htdocs\\ci4\\public\\index.php')
INFO - 2024-12-12 07:51:58 --> Session: Class initialized using 'CodeIgniter\Session\Handlers\FileHandler' driver.
DEBUG - 2024-12-12 07:51:58 --> Review Data: Array
(
    [0] => stdClass Object
        (
            [id] => 4
            [daftar_rps_id] => 14
            [unsur_id] => 1
            [status] => Sesuai
            [catatan] => 
            [created_at] => 2024-12-11 21:09:53
            [updated_at] => 2024-12-11 21:09:53
            [review_gpm] => Sesuai
            [review_kajur] => Belum diperiksa
            [catatan_gpm] => 
            [catatan_kajur] => 
            [reviewer_role] => gpm
            [reviewer_id] => 8
        )

    [1] => stdClass Object
        (
            [id] => 5
            [daftar_rps_id] => 14
            [unsur_id] => 3
            [status] => Sesuai
            [catatan] => 
            [created_at] => 2024-12-11 21:09:53
            [updated_at] => 2024-12-11 21:09:53
            [review_gpm] => Sesuai
            [review_kajur] => Belum diperiksa
            [catatan_gpm] => sjcbajsc
            [catatan_kajur] => 
            [reviewer_role] => gpm
            [reviewer_id] => 8
        )

    [2] => stdClass Object
        (
            [id] => 6
            [daftar_rps_id] => 14
            [unsur_id] => 7
            [status] => Sesuai
            [catatan] => 
            [created_at] => 2024-12-11 21:09:53
            [updated_at] => 2024-12-11 21:09:53
            [review_gpm] => Sesuai
            [review_kajur] => Belum diperiksa
            [catatan_gpm] => 
            [catatan_kajur] => 
            [reviewer_role] => gpm
            [reviewer_id] => 8
        )

)

DEBUG - 2024-12-12 07:51:58 --> Review untuk unsur_id 1:
DEBUG - 2024-12-12 07:51:58 --> Catatan GPM: 
DEBUG - 2024-12-12 07:51:58 --> Catatan Kajur: kosong
DEBUG - 2024-12-12 07:51:58 --> Review untuk unsur_id 3:
DEBUG - 2024-12-12 07:51:58 --> Catatan GPM: sjcbajsc
DEBUG - 2024-12-12 07:51:58 --> Catatan Kajur: kosong
DEBUG - 2024-12-12 07:51:58 --> Review untuk unsur_id 7:
DEBUG - 2024-12-12 07:51:58 --> Catatan GPM: 
DEBUG - 2024-12-12 07:51:58 --> Catatan Kajur: kosong
INFO - 2024-12-12 07:52:03 --> Session: Class initialized using 'CodeIgniter\Session\Handlers\FileHandler' driver.
DEBUG - 2024-12-12 07:52:03 --> Review Data: Array
(
    [0] => stdClass Object
        (
            [id] => 4
            [daftar_rps_id] => 14
            [unsur_id] => 1
            [status] => Sesuai
            [catatan] => 
            [created_at] => 2024-12-11 21:09:53
            [updated_at] => 2024-12-11 21:09:53
            [review_gpm] => Sesuai
            [review_kajur] => Belum diperiksa
            [catatan_gpm] => 
            [catatan_kajur] => 
            [reviewer_role] => gpm
            [reviewer_id] => 8
        )

    [1] => stdClass Object
        (
            [id] => 5
            [daftar_rps_id] => 14
            [unsur_id] => 3
            [status] => Sesuai
            [catatan] => 
            [created_at] => 2024-12-11 21:09:53
            [updated_at] => 2024-12-11 21:09:53
            [review_gpm] => Sesuai
            [review_kajur] => Belum diperiksa
            [catatan_gpm] => sjcbajsc
            [catatan_kajur] => 
            [reviewer_role] => gpm
            [reviewer_id] => 8
        )

    [2] => stdClass Object
        (
            [id] => 6
            [daftar_rps_id] => 14
            [unsur_id] => 7
            [status] => Sesuai
            [catatan] => 
            [created_at] => 2024-12-11 21:09:53
            [updated_at] => 2024-12-11 21:09:53
            [review_gpm] => Sesuai
            [review_kajur] => Belum diperiksa
            [catatan_gpm] => 
            [catatan_kajur] => 
            [reviewer_role] => gpm
            [reviewer_id] => 8
        )

)

DEBUG - 2024-12-12 07:52:03 --> Review untuk unsur_id 1:
DEBUG - 2024-12-12 07:52:03 --> Catatan GPM: 
DEBUG - 2024-12-12 07:52:03 --> Catatan Kajur: kosong
DEBUG - 2024-12-12 07:52:03 --> Review untuk unsur_id 3:
DEBUG - 2024-12-12 07:52:03 --> Catatan GPM: sjcbajsc
DEBUG - 2024-12-12 07:52:03 --> Catatan Kajur: kosong
DEBUG - 2024-12-12 07:52:03 --> Review untuk unsur_id 7:
DEBUG - 2024-12-12 07:52:03 --> Catatan GPM: 
DEBUG - 2024-12-12 07:52:03 --> Catatan Kajur: kosong
INFO - 2024-12-12 07:52:03 --> Session: Class initialized using 'CodeIgniter\Session\Handlers\FileHandler' driver.
DEBUG - 2024-12-12 07:52:03 --> Review Data: Array
(
    [0] => stdClass Object
        (
            [id] => 4
            [daftar_rps_id] => 14
            [unsur_id] => 1
            [status] => Sesuai
            [catatan] => 
            [created_at] => 2024-12-11 21:09:53
            [updated_at] => 2024-12-11 21:09:53
            [review_gpm] => Sesuai
            [review_kajur] => Belum diperiksa
            [catatan_gpm] => 
            [catatan_kajur] => 
            [reviewer_role] => gpm
            [reviewer_id] => 8
        )

    [1] => stdClass Object
        (
            [id] => 5
            [daftar_rps_id] => 14
            [unsur_id] => 3
            [status] => Sesuai
            [catatan] => 
            [created_at] => 2024-12-11 21:09:53
            [updated_at] => 2024-12-11 21:09:53
            [review_gpm] => Sesuai
            [review_kajur] => Belum diperiksa
            [catatan_gpm] => sjcbajsc
            [catatan_kajur] => 
            [reviewer_role] => gpm
            [reviewer_id] => 8
        )

    [2] => stdClass Object
        (
            [id] => 6
            [daftar_rps_id] => 14
            [unsur_id] => 7
            [status] => Sesuai
            [catatan] => 
            [created_at] => 2024-12-11 21:09:53
            [updated_at] => 2024-12-11 21:09:53
            [review_gpm] => Sesuai
            [review_kajur] => Belum diperiksa
            [catatan_gpm] => 
            [catatan_kajur] => 
            [reviewer_role] => gpm
            [reviewer_id] => 8
        )

)

DEBUG - 2024-12-12 07:52:03 --> Review untuk unsur_id 1:
DEBUG - 2024-12-12 07:52:03 --> Catatan GPM: 
DEBUG - 2024-12-12 07:52:03 --> Catatan Kajur: kosong
DEBUG - 2024-12-12 07:52:03 --> Review untuk unsur_id 3:
DEBUG - 2024-12-12 07:52:03 --> Catatan GPM: sjcbajsc
DEBUG - 2024-12-12 07:52:03 --> Catatan Kajur: kosong
DEBUG - 2024-12-12 07:52:03 --> Review untuk unsur_id 7:
DEBUG - 2024-12-12 07:52:03 --> Catatan GPM: 
DEBUG - 2024-12-12 07:52:03 --> Catatan Kajur: kosong
INFO - 2024-12-12 07:53:28 --> Session: Class initialized using 'CodeIgniter\Session\Handlers\FileHandler' driver.
DEBUG - 2024-12-12 07:53:28 --> Review Data: Array
(
    [0] => stdClass Object
        (
            [id] => 4
            [daftar_rps_id] => 14
            [unsur_id] => 1
            [status] => Sesuai
            [catatan] => 
            [created_at] => 2024-12-11 21:09:53
            [updated_at] => 2024-12-11 21:09:53
            [review_gpm] => Sesuai
            [review_kajur] => Belum diperiksa
            [catatan_gpm] => 
            [catatan_kajur] => 
            [reviewer_role] => gpm
            [reviewer_id] => 8
        )

    [1] => stdClass Object
        (
            [id] => 5
            [daftar_rps_id] => 14
            [unsur_id] => 3
            [status] => Sesuai
            [catatan] => 
            [created_at] => 2024-12-11 21:09:53
            [updated_at] => 2024-12-11 21:09:53
            [review_gpm] => Sesuai
            [review_kajur] => Belum diperiksa
            [catatan_gpm] => sjcbajsc
            [catatan_kajur] => 
            [reviewer_role] => gpm
            [reviewer_id] => 8
        )

    [2] => stdClass Object
        (
            [id] => 6
            [daftar_rps_id] => 14
            [unsur_id] => 7
            [status] => Sesuai
            [catatan] => 
            [created_at] => 2024-12-11 21:09:53
            [updated_at] => 2024-12-11 21:09:53
            [review_gpm] => Sesuai
            [review_kajur] => Belum diperiksa
            [catatan_gpm] => 
            [catatan_kajur] => 
            [reviewer_role] => gpm
            [reviewer_id] => 8
        )

)

DEBUG - 2024-12-12 07:53:28 --> Review untuk unsur_id 1:
DEBUG - 2024-12-12 07:53:28 --> Catatan GPM: 
DEBUG - 2024-12-12 07:53:28 --> Catatan Kajur: kosong
DEBUG - 2024-12-12 07:53:28 --> Review untuk unsur_id 3:
DEBUG - 2024-12-12 07:53:28 --> Catatan GPM: sjcbajsc
DEBUG - 2024-12-12 07:53:28 --> Catatan Kajur: kosong
DEBUG - 2024-12-12 07:53:28 --> Review untuk unsur_id 7:
DEBUG - 2024-12-12 07:53:28 --> Catatan GPM: 
DEBUG - 2024-12-12 07:53:28 --> Catatan Kajur: kosong
INFO - 2024-12-12 07:55:58 --> Session: Class initialized using 'CodeIgniter\Session\Handlers\FileHandler' driver.
INFO - 2024-12-12 07:56:50 --> Session: Class initialized using 'CodeIgniter\Session\Handlers\FileHandler' driver.
INFO - 2024-12-12 07:57:27 --> Session: Class initialized using 'CodeIgniter\Session\Handlers\FileHandler' driver.
INFO - 2024-12-12 07:57:27 --> Session: Class initialized using 'CodeIgniter\Session\Handlers\FileHandler' driver.
INFO - 2024-12-12 07:57:36 --> Session: Class initialized using 'CodeIgniter\Session\Handlers\FileHandler' driver.
INFO - 2024-12-12 07:57:44 --> Session: Class initialized using 'CodeIgniter\Session\Handlers\FileHandler' driver.
INFO - 2024-12-12 07:57:44 --> Session: Class initialized using 'CodeIgniter\Session\Handlers\FileHandler' driver.
INFO - 2024-12-12 07:57:50 --> Session: Class initialized using 'CodeIgniter\Session\Handlers\FileHandler' driver.
INFO - 2024-12-12 07:57:50 --> Session: Class initialized using 'CodeIgniter\Session\Handlers\FileHandler' driver.
INFO - 2024-12-12 07:57:51 --> Session: Class initialized using 'CodeIgniter\Session\Handlers\FileHandler' driver.
INFO - 2024-12-12 07:57:54 --> Session: Class initialized using 'CodeIgniter\Session\Handlers\FileHandler' driver.
INFO - 2024-12-12 07:57:56 --> Session: Class initialized using 'CodeIgniter\Session\Handlers\FileHandler' driver.
INFO - 2024-12-12 07:57:59 --> Session: Class initialized using 'CodeIgniter\Session\Handlers\FileHandler' driver.
INFO - 2024-12-12 07:59:25 --> Session: Class initialized using 'CodeIgniter\Session\Handlers\FileHandler' driver.
INFO - 2024-12-12 07:59:30 --> Session: Class initialized using 'CodeIgniter\Session\Handlers\FileHandler' driver.
INFO - 2024-12-12 07:59:42 --> Session: Class initialized using 'CodeIgniter\Session\Handlers\FileHandler' driver.
INFO - 2024-12-12 07:59:47 --> Session: Class initialized using 'CodeIgniter\Session\Handlers\FileHandler' driver.
INFO - 2024-12-12 08:07:16 --> Session: Class initialized using 'CodeIgniter\Session\Handlers\FileHandler' driver.
INFO - 2024-12-12 08:07:19 --> Session: Class initialized using 'CodeIgniter\Session\Handlers\FileHandler' driver.
INFO - 2024-12-12 08:10:02 --> Session: Class initialized using 'CodeIgniter\Session\Handlers\FileHandler' driver.
CRITICAL - 2024-12-12 08:10:02 --> ErrorException: Attempt to read property "review_gpm" on array
[Method: GET, Route: dosen/feedback]
in APPPATH\Views\dosen\feedback.php on line 162.
 1 APPPATH\Views\dosen\feedback.php(162): CodeIgniter\Debug\Exceptions->errorHandler()
 2 SYSTEMPATH\View\View.php(234): include('C:\\xampp\\htdocs\\ci4\\app\\Views\\dosen\\feedback.php')
 3 SYSTEMPATH\View\View.php(237): CodeIgniter\View\View->CodeIgniter\View\{closure}()
 4 SYSTEMPATH\Common.php(1171): CodeIgniter\View\View->render()
 5 APPPATH\Controllers\dosenController.php(198): view()
 6 SYSTEMPATH\CodeIgniter.php(933): App\Controllers\dosenController->feedback()
 7 SYSTEMPATH\CodeIgniter.php(509): CodeIgniter\CodeIgniter->runController()
 8 SYSTEMPATH\CodeIgniter.php(355): CodeIgniter\CodeIgniter->handleRequest()
 9 SYSTEMPATH\Boot.php(325): CodeIgniter\CodeIgniter->run()
10 SYSTEMPATH\Boot.php(67): CodeIgniter\Boot::runCodeIgniter()
11 FCPATH\index.php(56): CodeIgniter\Boot::bootWeb()
12 SYSTEMPATH\rewrite.php(44): require_once('C:\\xampp\\htdocs\\ci4\\public\\index.php')
INFO - 2024-12-12 08:10:52 --> Session: Class initialized using 'CodeIgniter\Session\Handlers\FileHandler' driver.
INFO - 2024-12-12 08:11:42 --> Session: Class initialized using 'CodeIgniter\Session\Handlers\FileHandler' driver.
INFO - 2024-12-12 08:11:42 --> Session: Class initialized using 'CodeIgniter\Session\Handlers\FileHandler' driver.
INFO - 2024-12-12 08:11:42 --> Session: Class initialized using 'CodeIgniter\Session\Handlers\FileHandler' driver.
INFO - 2024-12-12 08:11:48 --> Session: Class initialized using 'CodeIgniter\Session\Handlers\FileHandler' driver.
INFO - 2024-12-12 08:11:49 --> Session: Class initialized using 'CodeIgniter\Session\Handlers\FileHandler' driver.
INFO - 2024-12-12 08:11:50 --> Session: Class initialized using 'CodeIgniter\Session\Handlers\FileHandler' driver.
INFO - 2024-12-12 08:12:05 --> Session: Class initialized using 'CodeIgniter\Session\Handlers\FileHandler' driver.
DEBUG - 2024-12-12 08:12:05 --> POST Data: Array
(
    [daftar_rps_id] => 16
    [status] => Array
        (
            [1] => Sesuai
            [3] => Revisi
            [7] => Sesuai
        )

    [catatan] => Array
        (
            [1] => 
            [3] => coba perbaiki lagi
            [7] => 
        )

)

DEBUG - 2024-12-12 08:12:05 --> User ID: 8
DEBUG - 2024-12-12 08:12:05 --> Review Data for unsur 1: Array
(
    [daftar_rps_id] => 16
    [unsur_id] => 1
    [review_gpm] => Sesuai
    [catatan_gpm] => 
    [reviewer_role] => gpm
    [reviewer_id] => 8
    [status] => Sesuai
)

DEBUG - 2024-12-12 08:12:05 --> Inserting new review
DEBUG - 2024-12-12 08:12:05 --> Review Data for unsur 3: Array
(
    [daftar_rps_id] => 16
    [unsur_id] => 3
    [review_gpm] => Revisi
    [catatan_gpm] => coba perbaiki lagi
    [reviewer_role] => gpm
    [reviewer_id] => 8
    [status] => Revisi
)

DEBUG - 2024-12-12 08:12:05 --> Inserting new review
DEBUG - 2024-12-12 08:12:05 --> Review Data for unsur 7: Array
(
    [daftar_rps_id] => 16
    [unsur_id] => 7
    [review_gpm] => Sesuai
    [catatan_gpm] => 
    [reviewer_role] => gpm
    [reviewer_id] => 8
    [status] => Sesuai
)

DEBUG - 2024-12-12 08:12:05 --> Inserting new review
INFO - 2024-12-12 08:12:08 --> Session: Class initialized using 'CodeIgniter\Session\Handlers\FileHandler' driver.
INFO - 2024-12-12 08:12:14 --> Session: Class initialized using 'CodeIgniter\Session\Handlers\FileHandler' driver.
INFO - 2024-12-12 08:12:28 --> Session: Class initialized using 'CodeIgniter\Session\Handlers\FileHandler' driver.
CRITICAL - 2024-12-12 08:12:28 --> ErrorException: Attempt to read property "review_gpm" on array
[Method: GET, Route: dosen/feedback]
in APPPATH\Views\dosen\feedback.php on line 162.
 1 APPPATH\Views\dosen\feedback.php(162): CodeIgniter\Debug\Exceptions->errorHandler()
 2 SYSTEMPATH\View\View.php(234): include('C:\\xampp\\htdocs\\ci4\\app\\Views\\dosen\\feedback.php')
 3 SYSTEMPATH\View\View.php(237): CodeIgniter\View\View->CodeIgniter\View\{closure}()
 4 SYSTEMPATH\Common.php(1171): CodeIgniter\View\View->render()
 5 APPPATH\Controllers\dosenController.php(198): view()
 6 SYSTEMPATH\CodeIgniter.php(933): App\Controllers\dosenController->feedback()
 7 SYSTEMPATH\CodeIgniter.php(509): CodeIgniter\CodeIgniter->runController()
 8 SYSTEMPATH\CodeIgniter.php(355): CodeIgniter\CodeIgniter->handleRequest()
 9 SYSTEMPATH\Boot.php(325): CodeIgniter\CodeIgniter->run()
10 SYSTEMPATH\Boot.php(67): CodeIgniter\Boot::runCodeIgniter()
11 FCPATH\index.php(56): CodeIgniter\Boot::bootWeb()
12 SYSTEMPATH\rewrite.php(44): require_once('C:\\xampp\\htdocs\\ci4\\public\\index.php')
INFO - 2024-12-12 08:12:35 --> Session: Class initialized using 'CodeIgniter\Session\Handlers\FileHandler' driver.
CRITICAL - 2024-12-12 08:12:35 --> ErrorException: Attempt to read property "review_gpm" on array
[Method: GET, Route: dosen/feedback]
in APPPATH\Views\dosen\feedback.php on line 162.
 1 APPPATH\Views\dosen\feedback.php(162): CodeIgniter\Debug\Exceptions->errorHandler()
 2 SYSTEMPATH\View\View.php(234): include('C:\\xampp\\htdocs\\ci4\\app\\Views\\dosen\\feedback.php')
 3 SYSTEMPATH\View\View.php(237): CodeIgniter\View\View->CodeIgniter\View\{closure}()
 4 SYSTEMPATH\Common.php(1171): CodeIgniter\View\View->render()
 5 APPPATH\Controllers\dosenController.php(198): view()
 6 SYSTEMPATH\CodeIgniter.php(933): App\Controllers\dosenController->feedback()
 7 SYSTEMPATH\CodeIgniter.php(509): CodeIgniter\CodeIgniter->runController()
 8 SYSTEMPATH\CodeIgniter.php(355): CodeIgniter\CodeIgniter->handleRequest()
 9 SYSTEMPATH\Boot.php(325): CodeIgniter\CodeIgniter->run()
10 SYSTEMPATH\Boot.php(67): CodeIgniter\Boot::runCodeIgniter()
11 FCPATH\index.php(56): CodeIgniter\Boot::bootWeb()
12 SYSTEMPATH\rewrite.php(44): require_once('C:\\xampp\\htdocs\\ci4\\public\\index.php')
INFO - 2024-12-12 08:12:40 --> Session: Class initialized using 'CodeIgniter\Session\Handlers\FileHandler' driver.
CRITICAL - 2024-12-12 08:12:41 --> ErrorException: Attempt to read property "review_gpm" on array
[Method: GET, Route: dosen/feedback]
in APPPATH\Views\dosen\feedback.php on line 162.
 1 APPPATH\Views\dosen\feedback.php(162): CodeIgniter\Debug\Exceptions->errorHandler()
 2 SYSTEMPATH\View\View.php(234): include('C:\\xampp\\htdocs\\ci4\\app\\Views\\dosen\\feedback.php')
 3 SYSTEMPATH\View\View.php(237): CodeIgniter\View\View->CodeIgniter\View\{closure}()
 4 SYSTEMPATH\Common.php(1171): CodeIgniter\View\View->render()
 5 APPPATH\Controllers\dosenController.php(198): view()
 6 SYSTEMPATH\CodeIgniter.php(933): App\Controllers\dosenController->feedback()
 7 SYSTEMPATH\CodeIgniter.php(509): CodeIgniter\CodeIgniter->runController()
 8 SYSTEMPATH\CodeIgniter.php(355): CodeIgniter\CodeIgniter->handleRequest()
 9 SYSTEMPATH\Boot.php(325): CodeIgniter\CodeIgniter->run()
10 SYSTEMPATH\Boot.php(67): CodeIgniter\Boot::runCodeIgniter()
11 FCPATH\index.php(56): CodeIgniter\Boot::bootWeb()
12 SYSTEMPATH\rewrite.php(44): require_once('C:\\xampp\\htdocs\\ci4\\public\\index.php')
INFO - 2024-12-12 08:12:44 --> Session: Class initialized using 'CodeIgniter\Session\Handlers\FileHandler' driver.
CRITICAL - 2024-12-12 08:12:44 --> ErrorException: Attempt to read property "review_gpm" on array
[Method: GET, Route: dosen/feedback]
in APPPATH\Views\dosen\feedback.php on line 162.
 1 APPPATH\Views\dosen\feedback.php(162): CodeIgniter\Debug\Exceptions->errorHandler()
 2 SYSTEMPATH\View\View.php(234): include('C:\\xampp\\htdocs\\ci4\\app\\Views\\dosen\\feedback.php')
 3 SYSTEMPATH\View\View.php(237): CodeIgniter\View\View->CodeIgniter\View\{closure}()
 4 SYSTEMPATH\Common.php(1171): CodeIgniter\View\View->render()
 5 APPPATH\Controllers\dosenController.php(198): view()
 6 SYSTEMPATH\CodeIgniter.php(933): App\Controllers\dosenController->feedback()
 7 SYSTEMPATH\CodeIgniter.php(509): CodeIgniter\CodeIgniter->runController()
 8 SYSTEMPATH\CodeIgniter.php(355): CodeIgniter\CodeIgniter->handleRequest()
 9 SYSTEMPATH\Boot.php(325): CodeIgniter\CodeIgniter->run()
10 SYSTEMPATH\Boot.php(67): CodeIgniter\Boot::runCodeIgniter()
11 FCPATH\index.php(56): CodeIgniter\Boot::bootWeb()
12 SYSTEMPATH\rewrite.php(44): require_once('C:\\xampp\\htdocs\\ci4\\public\\index.php')
INFO - 2024-12-12 08:12:49 --> Session: Class initialized using 'CodeIgniter\Session\Handlers\FileHandler' driver.
CRITICAL - 2024-12-12 08:12:49 --> ErrorException: Attempt to read property "review_gpm" on array
[Method: GET, Route: dosen/feedback]
in APPPATH\Views\dosen\feedback.php on line 162.
 1 APPPATH\Views\dosen\feedback.php(162): CodeIgniter\Debug\Exceptions->errorHandler()
 2 SYSTEMPATH\View\View.php(234): include('C:\\xampp\\htdocs\\ci4\\app\\Views\\dosen\\feedback.php')
 3 SYSTEMPATH\View\View.php(237): CodeIgniter\View\View->CodeIgniter\View\{closure}()
 4 SYSTEMPATH\Common.php(1171): CodeIgniter\View\View->render()
 5 APPPATH\Controllers\dosenController.php(198): view()
 6 SYSTEMPATH\CodeIgniter.php(933): App\Controllers\dosenController->feedback()
 7 SYSTEMPATH\CodeIgniter.php(509): CodeIgniter\CodeIgniter->runController()
 8 SYSTEMPATH\CodeIgniter.php(355): CodeIgniter\CodeIgniter->handleRequest()
 9 SYSTEMPATH\Boot.php(325): CodeIgniter\CodeIgniter->run()
10 SYSTEMPATH\Boot.php(67): CodeIgniter\Boot::runCodeIgniter()
11 FCPATH\index.php(56): CodeIgniter\Boot::bootWeb()
12 SYSTEMPATH\rewrite.php(44): require_once('C:\\xampp\\htdocs\\ci4\\public\\index.php')
INFO - 2024-12-12 08:12:50 --> Session: Class initialized using 'CodeIgniter\Session\Handlers\FileHandler' driver.
CRITICAL - 2024-12-12 08:12:50 --> ErrorException: Attempt to read property "review_gpm" on array
[Method: GET, Route: dosen/feedback]
in APPPATH\Views\dosen\feedback.php on line 162.
 1 APPPATH\Views\dosen\feedback.php(162): CodeIgniter\Debug\Exceptions->errorHandler()
 2 SYSTEMPATH\View\View.php(234): include('C:\\xampp\\htdocs\\ci4\\app\\Views\\dosen\\feedback.php')
 3 SYSTEMPATH\View\View.php(237): CodeIgniter\View\View->CodeIgniter\View\{closure}()
 4 SYSTEMPATH\Common.php(1171): CodeIgniter\View\View->render()
 5 APPPATH\Controllers\dosenController.php(198): view()
 6 SYSTEMPATH\CodeIgniter.php(933): App\Controllers\dosenController->feedback()
 7 SYSTEMPATH\CodeIgniter.php(509): CodeIgniter\CodeIgniter->runController()
 8 SYSTEMPATH\CodeIgniter.php(355): CodeIgniter\CodeIgniter->handleRequest()
 9 SYSTEMPATH\Boot.php(325): CodeIgniter\CodeIgniter->run()
10 SYSTEMPATH\Boot.php(67): CodeIgniter\Boot::runCodeIgniter()
11 FCPATH\index.php(56): CodeIgniter\Boot::bootWeb()
12 SYSTEMPATH\rewrite.php(44): require_once('C:\\xampp\\htdocs\\ci4\\public\\index.php')
INFO - 2024-12-12 08:13:00 --> Session: Class initialized using 'CodeIgniter\Session\Handlers\FileHandler' driver.
CRITICAL - 2024-12-12 08:13:00 --> ErrorException: Attempt to read property "review_gpm" on array
[Method: GET, Route: dosen/feedback]
in APPPATH\Views\dosen\feedback.php on line 162.
 1 APPPATH\Views\dosen\feedback.php(162): CodeIgniter\Debug\Exceptions->errorHandler()
 2 SYSTEMPATH\View\View.php(234): include('C:\\xampp\\htdocs\\ci4\\app\\Views\\dosen\\feedback.php')
 3 SYSTEMPATH\View\View.php(237): CodeIgniter\View\View->CodeIgniter\View\{closure}()
 4 SYSTEMPATH\Common.php(1171): CodeIgniter\View\View->render()
 5 APPPATH\Controllers\dosenController.php(198): view()
 6 SYSTEMPATH\CodeIgniter.php(933): App\Controllers\dosenController->feedback()
 7 SYSTEMPATH\CodeIgniter.php(509): CodeIgniter\CodeIgniter->runController()
 8 SYSTEMPATH\CodeIgniter.php(355): CodeIgniter\CodeIgniter->handleRequest()
 9 SYSTEMPATH\Boot.php(325): CodeIgniter\CodeIgniter->run()
10 SYSTEMPATH\Boot.php(67): CodeIgniter\Boot::runCodeIgniter()
11 FCPATH\index.php(56): CodeIgniter\Boot::bootWeb()
12 SYSTEMPATH\rewrite.php(44): require_once('C:\\xampp\\htdocs\\ci4\\public\\index.php')
INFO - 2024-12-12 08:13:28 --> Session: Class initialized using 'CodeIgniter\Session\Handlers\FileHandler' driver.
INFO - 2024-12-12 08:13:31 --> Session: Class initialized using 'CodeIgniter\Session\Handlers\FileHandler' driver.
CRITICAL - 2024-12-12 08:13:31 --> ErrorException: Attempt to read property "review_gpm" on array
[Method: GET, Route: dosen/feedback]
in APPPATH\Views\dosen\feedback.php on line 162.
 1 APPPATH\Views\dosen\feedback.php(162): CodeIgniter\Debug\Exceptions->errorHandler()
 2 SYSTEMPATH\View\View.php(234): include('C:\\xampp\\htdocs\\ci4\\app\\Views\\dosen\\feedback.php')
 3 SYSTEMPATH\View\View.php(237): CodeIgniter\View\View->CodeIgniter\View\{closure}()
 4 SYSTEMPATH\Common.php(1171): CodeIgniter\View\View->render()
 5 APPPATH\Controllers\dosenController.php(198): view()
 6 SYSTEMPATH\CodeIgniter.php(933): App\Controllers\dosenController->feedback()
 7 SYSTEMPATH\CodeIgniter.php(509): CodeIgniter\CodeIgniter->runController()
 8 SYSTEMPATH\CodeIgniter.php(355): CodeIgniter\CodeIgniter->handleRequest()
 9 SYSTEMPATH\Boot.php(325): CodeIgniter\CodeIgniter->run()
10 SYSTEMPATH\Boot.php(67): CodeIgniter\Boot::runCodeIgniter()
11 FCPATH\index.php(56): CodeIgniter\Boot::bootWeb()
12 SYSTEMPATH\rewrite.php(44): require_once('C:\\xampp\\htdocs\\ci4\\public\\index.php')
INFO - 2024-12-12 08:14:45 --> Session: Class initialized using 'CodeIgniter\Session\Handlers\FileHandler' driver.
INFO - 2024-12-12 08:14:46 --> Session: Class initialized using 'CodeIgniter\Session\Handlers\FileHandler' driver.
CRITICAL - 2024-12-12 08:14:46 --> ErrorException: Attempt to read property "review_gpm" on array
[Method: GET, Route: dosen/feedback]
in APPPATH\Views\dosen\feedback.php on line 162.
 1 APPPATH\Views\dosen\feedback.php(162): CodeIgniter\Debug\Exceptions->errorHandler()
 2 SYSTEMPATH\View\View.php(234): include('C:\\xampp\\htdocs\\ci4\\app\\Views\\dosen\\feedback.php')
 3 SYSTEMPATH\View\View.php(237): CodeIgniter\View\View->CodeIgniter\View\{closure}()
 4 SYSTEMPATH\Common.php(1171): CodeIgniter\View\View->render()
 5 APPPATH\Controllers\dosenController.php(198): view()
 6 SYSTEMPATH\CodeIgniter.php(933): App\Controllers\dosenController->feedback()
 7 SYSTEMPATH\CodeIgniter.php(509): CodeIgniter\CodeIgniter->runController()
 8 SYSTEMPATH\CodeIgniter.php(355): CodeIgniter\CodeIgniter->handleRequest()
 9 SYSTEMPATH\Boot.php(325): CodeIgniter\CodeIgniter->run()
10 SYSTEMPATH\Boot.php(67): CodeIgniter\Boot::runCodeIgniter()
11 FCPATH\index.php(56): CodeIgniter\Boot::bootWeb()
12 SYSTEMPATH\rewrite.php(44): require_once('C:\\xampp\\htdocs\\ci4\\public\\index.php')
INFO - 2024-12-12 08:15:44 --> Session: Class initialized using 'CodeIgniter\Session\Handlers\FileHandler' driver.
INFO - 2024-12-12 08:16:10 --> Session: Class initialized using 'CodeIgniter\Session\Handlers\FileHandler' driver.
INFO - 2024-12-12 08:16:11 --> Session: Class initialized using 'CodeIgniter\Session\Handlers\FileHandler' driver.
INFO - 2024-12-12 08:16:14 --> Session: Class initialized using 'CodeIgniter\Session\Handlers\FileHandler' driver.
INFO - 2024-12-12 08:16:18 --> Session: Class initialized using 'CodeIgniter\Session\Handlers\FileHandler' driver.
INFO - 2024-12-12 08:16:20 --> Session: Class initialized using 'CodeIgniter\Session\Handlers\FileHandler' driver.
INFO - 2024-12-12 08:16:58 --> Session: Class initialized using 'CodeIgniter\Session\Handlers\FileHandler' driver.
INFO - 2024-12-12 08:17:03 --> Session: Class initialized using 'CodeIgniter\Session\Handlers\FileHandler' driver.
INFO - 2024-12-12 08:17:06 --> Session: Class initialized using 'CodeIgniter\Session\Handlers\FileHandler' driver.
INFO - 2024-12-12 08:17:26 --> Session: Class initialized using 'CodeIgniter\Session\Handlers\FileHandler' driver.
INFO - 2024-12-12 08:18:41 --> Session: Class initialized using 'CodeIgniter\Session\Handlers\FileHandler' driver.
INFO - 2024-12-12 08:18:49 --> Session: Class initialized using 'CodeIgniter\Session\Handlers\FileHandler' driver.
INFO - 2024-12-12 08:18:50 --> Session: Class initialized using 'CodeIgniter\Session\Handlers\FileHandler' driver.
INFO - 2024-12-12 08:18:51 --> Session: Class initialized using 'CodeIgniter\Session\Handlers\FileHandler' driver.
INFO - 2024-12-12 08:18:54 --> Session: Class initialized using 'CodeIgniter\Session\Handlers\FileHandler' driver.
INFO - 2024-12-12 08:18:57 --> Session: Class initialized using 'CodeIgniter\Session\Handlers\FileHandler' driver.
INFO - 2024-12-12 08:19:12 --> Session: Class initialized using 'CodeIgniter\Session\Handlers\FileHandler' driver.
CRITICAL - 2024-12-12 08:19:12 --> Error: Cannot use object of type stdClass as array
[Method: GET, Route: dosen/feedback]
in APPPATH\Views\dosen\feedback.php on line 161.
 1 SYSTEMPATH\View\View.php(234): include()
 2 SYSTEMPATH\View\View.php(237): CodeIgniter\View\View->CodeIgniter\View\{closure}()
 3 SYSTEMPATH\Common.php(1171): CodeIgniter\View\View->render()
 4 APPPATH\Controllers\dosenController.php(199): view()
 5 SYSTEMPATH\CodeIgniter.php(933): App\Controllers\dosenController->feedback()
 6 SYSTEMPATH\CodeIgniter.php(509): CodeIgniter\CodeIgniter->runController()
 7 SYSTEMPATH\CodeIgniter.php(355): CodeIgniter\CodeIgniter->handleRequest()
 8 SYSTEMPATH\Boot.php(325): CodeIgniter\CodeIgniter->run()
 9 SYSTEMPATH\Boot.php(67): CodeIgniter\Boot::runCodeIgniter()
10 FCPATH\index.php(56): CodeIgniter\Boot::bootWeb()
11 SYSTEMPATH\rewrite.php(44): require_once('C:\\xampp\\htdocs\\ci4\\public\\index.php')
INFO - 2024-12-12 08:19:23 --> Session: Class initialized using 'CodeIgniter\Session\Handlers\FileHandler' driver.
CRITICAL - 2024-12-12 08:19:23 --> Error: Cannot use object of type stdClass as array
[Method: GET, Route: dosen/feedback]
in APPPATH\Views\dosen\feedback.php on line 161.
 1 SYSTEMPATH\View\View.php(234): include()
 2 SYSTEMPATH\View\View.php(237): CodeIgniter\View\View->CodeIgniter\View\{closure}()
 3 SYSTEMPATH\Common.php(1171): CodeIgniter\View\View->render()
 4 APPPATH\Controllers\dosenController.php(199): view()
 5 SYSTEMPATH\CodeIgniter.php(933): App\Controllers\dosenController->feedback()
 6 SYSTEMPATH\CodeIgniter.php(509): CodeIgniter\CodeIgniter->runController()
 7 SYSTEMPATH\CodeIgniter.php(355): CodeIgniter\CodeIgniter->handleRequest()
 8 SYSTEMPATH\Boot.php(325): CodeIgniter\CodeIgniter->run()
 9 SYSTEMPATH\Boot.php(67): CodeIgniter\Boot::runCodeIgniter()
10 FCPATH\index.php(56): CodeIgniter\Boot::bootWeb()
11 SYSTEMPATH\rewrite.php(44): require_once('C:\\xampp\\htdocs\\ci4\\public\\index.php')
INFO - 2024-12-12 08:19:57 --> Session: Class initialized using 'CodeIgniter\Session\Handlers\FileHandler' driver.
CRITICAL - 2024-12-12 08:19:57 --> Error: Cannot use object of type stdClass as array
[Method: GET, Route: dosen/feedback]
in APPPATH\Views\dosen\feedback.php on line 196.
 1 SYSTEMPATH\View\View.php(234): include()
 2 SYSTEMPATH\View\View.php(237): CodeIgniter\View\View->CodeIgniter\View\{closure}()
 3 SYSTEMPATH\Common.php(1171): CodeIgniter\View\View->render()
 4 APPPATH\Controllers\dosenController.php(199): view()
 5 SYSTEMPATH\CodeIgniter.php(933): App\Controllers\dosenController->feedback()
 6 SYSTEMPATH\CodeIgniter.php(509): CodeIgniter\CodeIgniter->runController()
 7 SYSTEMPATH\CodeIgniter.php(355): CodeIgniter\CodeIgniter->handleRequest()
 8 SYSTEMPATH\Boot.php(325): CodeIgniter\CodeIgniter->run()
 9 SYSTEMPATH\Boot.php(67): CodeIgniter\Boot::runCodeIgniter()
10 FCPATH\index.php(56): CodeIgniter\Boot::bootWeb()
11 SYSTEMPATH\rewrite.php(44): require_once('C:\\xampp\\htdocs\\ci4\\public\\index.php')
INFO - 2024-12-12 08:20:05 --> Session: Class initialized using 'CodeIgniter\Session\Handlers\FileHandler' driver.
INFO - 2024-12-12 08:20:14 --> Session: Class initialized using 'CodeIgniter\Session\Handlers\FileHandler' driver.
INFO - 2024-12-12 08:20:16 --> Session: Class initialized using 'CodeIgniter\Session\Handlers\FileHandler' driver.
INFO - 2024-12-12 08:20:17 --> Session: Class initialized using 'CodeIgniter\Session\Handlers\FileHandler' driver.
INFO - 2024-12-12 08:20:18 --> Session: Class initialized using 'CodeIgniter\Session\Handlers\FileHandler' driver.
INFO - 2024-12-12 08:20:26 --> Session: Class initialized using 'CodeIgniter\Session\Handlers\FileHandler' driver.
INFO - 2024-12-12 08:20:49 --> Session: Class initialized using 'CodeIgniter\Session\Handlers\FileHandler' driver.
DEBUG - 2024-12-12 08:20:49 --> POST Data: Array
(
    [daftar_rps_id] => 16
    [status] => Array
        (
            [1] => Sesuai
            [3] => Sesuai
            [7] => Revisi
        )

    [catatan] => Array
        (
            [1] => 
            [3] => 
            [7] => ini coba edit
        )

)

DEBUG - 2024-12-12 08:20:49 --> User ID: 8
DEBUG - 2024-12-12 08:20:49 --> Review Data for unsur 1: Array
(
    [daftar_rps_id] => 16
    [unsur_id] => 1
    [review_gpm] => Sesuai
    [catatan_gpm] => 
    [reviewer_role] => gpm
    [reviewer_id] => 8
    [status] => Sesuai
)

DEBUG - 2024-12-12 08:20:49 --> Updating existing review ID: 7
DEBUG - 2024-12-12 08:20:49 --> Review Data for unsur 3: Array
(
    [daftar_rps_id] => 16
    [unsur_id] => 3
    [review_gpm] => Sesuai
    [catatan_gpm] => 
    [reviewer_role] => gpm
    [reviewer_id] => 8
    [status] => Sesuai
)

DEBUG - 2024-12-12 08:20:49 --> Updating existing review ID: 8
DEBUG - 2024-12-12 08:20:49 --> Review Data for unsur 7: Array
(
    [daftar_rps_id] => 16
    [unsur_id] => 7
    [review_gpm] => Revisi
    [catatan_gpm] => ini coba edit
    [reviewer_role] => gpm
    [reviewer_id] => 8
    [status] => Revisi
)

DEBUG - 2024-12-12 08:20:49 --> Updating existing review ID: 9
INFO - 2024-12-12 08:20:50 --> Session: Class initialized using 'CodeIgniter\Session\Handlers\FileHandler' driver.
INFO - 2024-12-12 08:20:53 --> Session: Class initialized using 'CodeIgniter\Session\Handlers\FileHandler' driver.
INFO - 2024-12-12 08:20:57 --> Session: Class initialized using 'CodeIgniter\Session\Handlers\FileHandler' driver.
INFO - 2024-12-12 08:20:57 --> Session: Class initialized using 'CodeIgniter\Session\Handlers\FileHandler' driver.
INFO - 2024-12-12 08:20:58 --> Session: Class initialized using 'CodeIgniter\Session\Handlers\FileHandler' driver.
INFO - 2024-12-12 08:20:59 --> Session: Class initialized using 'CodeIgniter\Session\Handlers\FileHandler' driver.
INFO - 2024-12-12 08:20:59 --> Session: Class initialized using 'CodeIgniter\Session\Handlers\FileHandler' driver.
INFO - 2024-12-12 08:21:00 --> Session: Class initialized using 'CodeIgniter\Session\Handlers\FileHandler' driver.
INFO - 2024-12-12 08:21:00 --> Session: Class initialized using 'CodeIgniter\Session\Handlers\FileHandler' driver.
INFO - 2024-12-12 08:21:01 --> Session: Class initialized using 'CodeIgniter\Session\Handlers\FileHandler' driver.
INFO - 2024-12-12 08:21:01 --> Session: Class initialized using 'CodeIgniter\Session\Handlers\FileHandler' driver.
INFO - 2024-12-12 08:21:01 --> Session: Class initialized using 'CodeIgniter\Session\Handlers\FileHandler' driver.
INFO - 2024-12-12 08:21:01 --> Session: Class initialized using 'CodeIgniter\Session\Handlers\FileHandler' driver.
INFO - 2024-12-12 08:21:02 --> Session: Class initialized using 'CodeIgniter\Session\Handlers\FileHandler' driver.
INFO - 2024-12-12 08:21:02 --> Session: Class initialized using 'CodeIgniter\Session\Handlers\FileHandler' driver.
INFO - 2024-12-12 08:21:10 --> Session: Class initialized using 'CodeIgniter\Session\Handlers\FileHandler' driver.
INFO - 2024-12-12 08:21:14 --> Session: Class initialized using 'CodeIgniter\Session\Handlers\FileHandler' driver.
INFO - 2024-12-12 08:21:17 --> Session: Class initialized using 'CodeIgniter\Session\Handlers\FileHandler' driver.
INFO - 2024-12-12 08:23:26 --> Session: Class initialized using 'CodeIgniter\Session\Handlers\FileHandler' driver.
INFO - 2024-12-12 08:23:29 --> Session: Class initialized using 'CodeIgniter\Session\Handlers\FileHandler' driver.
INFO - 2024-12-12 08:23:32 --> Session: Class initialized using 'CodeIgniter\Session\Handlers\FileHandler' driver.
INFO - 2024-12-12 08:23:34 --> Session: Class initialized using 'CodeIgniter\Session\Handlers\FileHandler' driver.
INFO - 2024-12-12 08:23:38 --> Session: Class initialized using 'CodeIgniter\Session\Handlers\FileHandler' driver.
INFO - 2024-12-12 08:24:08 --> Session: Class initialized using 'CodeIgniter\Session\Handlers\FileHandler' driver.
INFO - 2024-12-12 08:24:16 --> Session: Class initialized using 'CodeIgniter\Session\Handlers\FileHandler' driver.
INFO - 2024-12-12 08:24:18 --> Session: Class initialized using 'CodeIgniter\Session\Handlers\FileHandler' driver.
INFO - 2024-12-12 08:24:35 --> Session: Class initialized using 'CodeIgniter\Session\Handlers\FileHandler' driver.
INFO - 2024-12-12 08:24:38 --> Session: Class initialized using 'CodeIgniter\Session\Handlers\FileHandler' driver.
INFO - 2024-12-12 08:24:41 --> Session: Class initialized using 'CodeIgniter\Session\Handlers\FileHandler' driver.
INFO - 2024-12-12 08:25:25 --> Session: Class initialized using 'CodeIgniter\Session\Handlers\FileHandler' driver.
INFO - 2024-12-12 08:25:29 --> Session: Class initialized using 'CodeIgniter\Session\Handlers\FileHandler' driver.
INFO - 2024-12-12 08:25:31 --> Session: Class initialized using 'CodeIgniter\Session\Handlers\FileHandler' driver.
INFO - 2024-12-12 08:25:34 --> Session: Class initialized using 'CodeIgniter\Session\Handlers\FileHandler' driver.
INFO - 2024-12-12 08:27:51 --> Session: Class initialized using 'CodeIgniter\Session\Handlers\FileHandler' driver.
INFO - 2024-12-12 08:27:55 --> Session: Class initialized using 'CodeIgniter\Session\Handlers\FileHandler' driver.
INFO - 2024-12-12 08:28:24 --> Session: Class initialized using 'CodeIgniter\Session\Handlers\FileHandler' driver.
INFO - 2024-12-12 08:28:31 --> Session: Class initialized using 'CodeIgniter\Session\Handlers\FileHandler' driver.
INFO - 2024-12-12 08:28:33 --> Session: Class initialized using 'CodeIgniter\Session\Handlers\FileHandler' driver.
INFO - 2024-12-12 08:28:36 --> Session: Class initialized using 'CodeIgniter\Session\Handlers\FileHandler' driver.
INFO - 2024-12-12 08:28:39 --> Session: Class initialized using 'CodeIgniter\Session\Handlers\FileHandler' driver.
INFO - 2024-12-12 08:28:47 --> Session: Class initialized using 'CodeIgniter\Session\Handlers\FileHandler' driver.
INFO - 2024-12-12 08:29:42 --> Session: Class initialized using 'CodeIgniter\Session\Handlers\FileHandler' driver.
INFO - 2024-12-12 08:29:43 --> Session: Class initialized using 'CodeIgniter\Session\Handlers\FileHandler' driver.
INFO - 2024-12-12 08:29:43 --> Session: Class initialized using 'CodeIgniter\Session\Handlers\FileHandler' driver.
INFO - 2024-12-12 08:29:43 --> Session: Class initialized using 'CodeIgniter\Session\Handlers\FileHandler' driver.
INFO - 2024-12-12 08:29:44 --> Session: Class initialized using 'CodeIgniter\Session\Handlers\FileHandler' driver.
INFO - 2024-12-12 08:30:24 --> Session: Class initialized using 'CodeIgniter\Session\Handlers\FileHandler' driver.
INFO - 2024-12-12 08:30:26 --> Session: Class initialized using 'CodeIgniter\Session\Handlers\FileHandler' driver.
INFO - 2024-12-12 08:30:26 --> Session: Class initialized using 'CodeIgniter\Session\Handlers\FileHandler' driver.
INFO - 2024-12-12 08:30:27 --> Session: Class initialized using 'CodeIgniter\Session\Handlers\FileHandler' driver.
INFO - 2024-12-12 08:30:27 --> Session: Class initialized using 'CodeIgniter\Session\Handlers\FileHandler' driver.
INFO - 2024-12-12 08:30:27 --> Session: Class initialized using 'CodeIgniter\Session\Handlers\FileHandler' driver.
INFO - 2024-12-12 08:30:44 --> Session: Class initialized using 'CodeIgniter\Session\Handlers\FileHandler' driver.
INFO - 2024-12-12 08:30:45 --> Session: Class initialized using 'CodeIgniter\Session\Handlers\FileHandler' driver.
INFO - 2024-12-12 08:30:52 --> Session: Class initialized using 'CodeIgniter\Session\Handlers\FileHandler' driver.
INFO - 2024-12-12 08:30:53 --> Session: Class initialized using 'CodeIgniter\Session\Handlers\FileHandler' driver.
INFO - 2024-12-12 08:30:54 --> Session: Class initialized using 'CodeIgniter\Session\Handlers\FileHandler' driver.
INFO - 2024-12-12 08:30:56 --> Session: Class initialized using 'CodeIgniter\Session\Handlers\FileHandler' driver.
INFO - 2024-12-12 08:30:59 --> Session: Class initialized using 'CodeIgniter\Session\Handlers\FileHandler' driver.
INFO - 2024-12-12 08:31:02 --> Session: Class initialized using 'CodeIgniter\Session\Handlers\FileHandler' driver.
INFO - 2024-12-12 08:33:34 --> Session: Class initialized using 'CodeIgniter\Session\Handlers\FileHandler' driver.
INFO - 2024-12-12 08:33:36 --> Session: Class initialized using 'CodeIgniter\Session\Handlers\FileHandler' driver.
INFO - 2024-12-12 08:33:40 --> Session: Class initialized using 'CodeIgniter\Session\Handlers\FileHandler' driver.
INFO - 2024-12-12 08:34:00 --> Session: Class initialized using 'CodeIgniter\Session\Handlers\FileHandler' driver.
INFO - 2024-12-12 08:34:05 --> Session: Class initialized using 'CodeIgniter\Session\Handlers\FileHandler' driver.
INFO - 2024-12-12 08:34:06 --> Session: Class initialized using 'CodeIgniter\Session\Handlers\FileHandler' driver.
INFO - 2024-12-12 08:34:09 --> Session: Class initialized using 'CodeIgniter\Session\Handlers\FileHandler' driver.
INFO - 2024-12-12 08:34:11 --> Session: Class initialized using 'CodeIgniter\Session\Handlers\FileHandler' driver.
INFO - 2024-12-12 08:34:14 --> Session: Class initialized using 'CodeIgniter\Session\Handlers\FileHandler' driver.
INFO - 2024-12-12 08:34:17 --> Session: Class initialized using 'CodeIgniter\Session\Handlers\FileHandler' driver.
INFO - 2024-12-12 08:34:20 --> Session: Class initialized using 'CodeIgniter\Session\Handlers\FileHandler' driver.
INFO - 2024-12-12 08:35:57 --> Session: Class initialized using 'CodeIgniter\Session\Handlers\FileHandler' driver.
INFO - 2024-12-12 08:35:58 --> Session: Class initialized using 'CodeIgniter\Session\Handlers\FileHandler' driver.
INFO - 2024-12-12 08:36:02 --> Session: Class initialized using 'CodeIgniter\Session\Handlers\FileHandler' driver.
INFO - 2024-12-12 08:36:04 --> Session: Class initialized using 'CodeIgniter\Session\Handlers\FileHandler' driver.
INFO - 2024-12-12 08:36:41 --> Session: Class initialized using 'CodeIgniter\Session\Handlers\FileHandler' driver.
INFO - 2024-12-12 08:36:42 --> Session: Class initialized using 'CodeIgniter\Session\Handlers\FileHandler' driver.
INFO - 2024-12-12 08:36:49 --> Session: Class initialized using 'CodeIgniter\Session\Handlers\FileHandler' driver.
INFO - 2024-12-12 08:36:50 --> Session: Class initialized using 'CodeIgniter\Session\Handlers\FileHandler' driver.
INFO - 2024-12-12 08:36:56 --> Session: Class initialized using 'CodeIgniter\Session\Handlers\FileHandler' driver.
INFO - 2024-12-12 08:36:56 --> Session: Class initialized using 'CodeIgniter\Session\Handlers\FileHandler' driver.
INFO - 2024-12-12 08:36:58 --> Session: Class initialized using 'CodeIgniter\Session\Handlers\FileHandler' driver.
INFO - 2024-12-12 08:36:58 --> Session: Class initialized using 'CodeIgniter\Session\Handlers\FileHandler' driver.
INFO - 2024-12-12 08:37:02 --> Session: Class initialized using 'CodeIgniter\Session\Handlers\FileHandler' driver.
INFO - 2024-12-12 08:37:06 --> Session: Class initialized using 'CodeIgniter\Session\Handlers\FileHandler' driver.
INFO - 2024-12-12 08:37:25 --> Session: Class initialized using 'CodeIgniter\Session\Handlers\FileHandler' driver.
DEBUG - 2024-12-12 08:37:25 --> POST Data: Array
(
    [daftar_rps_id] => 12
    [status] => Array
        (
            [1] => Revisi
            [3] => Revisi
            [7] => Sesuai
        )

    [catatan] => Array
        (
            [1] => sdsds
            [3] => sdsddsd
            [7] => 
        )

)

DEBUG - 2024-12-12 08:37:25 --> User ID: 8
DEBUG - 2024-12-12 08:37:25 --> Review Data for unsur 1: Array
(
    [daftar_rps_id] => 12
    [unsur_id] => 1
    [review_gpm] => Revisi
    [catatan_gpm] => sdsds
    [reviewer_role] => gpm
    [reviewer_id] => 8
    [status] => Revisi
)

DEBUG - 2024-12-12 08:37:25 --> Updating existing review ID: 1
DEBUG - 2024-12-12 08:37:25 --> Review Data for unsur 3: Array
(
    [daftar_rps_id] => 12
    [unsur_id] => 3
    [review_gpm] => Revisi
    [catatan_gpm] => sdsddsd
    [reviewer_role] => gpm
    [reviewer_id] => 8
    [status] => Revisi
)

DEBUG - 2024-12-12 08:37:25 --> Updating existing review ID: 2
DEBUG - 2024-12-12 08:37:25 --> Review Data for unsur 7: Array
(
    [daftar_rps_id] => 12
    [unsur_id] => 7
    [review_gpm] => Sesuai
    [catatan_gpm] => 
    [reviewer_role] => gpm
    [reviewer_id] => 8
    [status] => Sesuai
)

DEBUG - 2024-12-12 08:37:25 --> Updating existing review ID: 3
INFO - 2024-12-12 08:37:26 --> Session: Class initialized using 'CodeIgniter\Session\Handlers\FileHandler' driver.
INFO - 2024-12-12 08:37:30 --> Session: Class initialized using 'CodeIgniter\Session\Handlers\FileHandler' driver.
INFO - 2024-12-12 08:37:34 --> Session: Class initialized using 'CodeIgniter\Session\Handlers\FileHandler' driver.
INFO - 2024-12-12 08:40:49 --> Session: Class initialized using 'CodeIgniter\Session\Handlers\FileHandler' driver.
INFO - 2024-12-12 08:40:54 --> Session: Class initialized using 'CodeIgniter\Session\Handlers\FileHandler' driver.
INFO - 2024-12-12 08:40:59 --> Session: Class initialized using 'CodeIgniter\Session\Handlers\FileHandler' driver.
INFO - 2024-12-12 08:41:02 --> Session: Class initialized using 'CodeIgniter\Session\Handlers\FileHandler' driver.
INFO - 2024-12-12 08:41:09 --> Session: Class initialized using 'CodeIgniter\Session\Handlers\FileHandler' driver.
INFO - 2024-12-12 08:41:16 --> Session: Class initialized using 'CodeIgniter\Session\Handlers\FileHandler' driver.
DEBUG - 2024-12-12 08:41:16 --> POST Data: Array
(
    [daftar_rps_id] => 14
    [status] => Array
        (
            [1] => Sesuai
            [3] => Revisi
            [7] => Sesuai
        )

    [catatan] => Array
        (
            [1] => 
            [3] => kkkkk
            [7] => 
        )

)

DEBUG - 2024-12-12 08:41:16 --> User ID: 8
DEBUG - 2024-12-12 08:41:16 --> Review Data for unsur 1: Array
(
    [daftar_rps_id] => 14
    [unsur_id] => 1
    [review_gpm] => Sesuai
    [catatan_gpm] => 
    [reviewer_role] => gpm
    [reviewer_id] => 8
    [status] => Sesuai
)

DEBUG - 2024-12-12 08:41:16 --> Updating existing review ID: 4
DEBUG - 2024-12-12 08:41:16 --> Review Data for unsur 3: Array
(
    [daftar_rps_id] => 14
    [unsur_id] => 3
    [review_gpm] => Revisi
    [catatan_gpm] => kkkkk
    [reviewer_role] => gpm
    [reviewer_id] => 8
    [status] => Revisi
)

DEBUG - 2024-12-12 08:41:16 --> Updating existing review ID: 5
DEBUG - 2024-12-12 08:41:16 --> Review Data for unsur 7: Array
(
    [daftar_rps_id] => 14
    [unsur_id] => 7
    [review_gpm] => Sesuai
    [catatan_gpm] => 
    [reviewer_role] => gpm
    [reviewer_id] => 8
    [status] => Sesuai
)

DEBUG - 2024-12-12 08:41:16 --> Updating existing review ID: 6
INFO - 2024-12-12 08:41:18 --> Session: Class initialized using 'CodeIgniter\Session\Handlers\FileHandler' driver.
INFO - 2024-12-12 08:41:21 --> Session: Class initialized using 'CodeIgniter\Session\Handlers\FileHandler' driver.
INFO - 2024-12-12 08:44:56 --> Session: Class initialized using 'CodeIgniter\Session\Handlers\FileHandler' driver.
INFO - 2024-12-12 08:45:04 --> Session: Class initialized using 'CodeIgniter\Session\Handlers\FileHandler' driver.
INFO - 2024-12-12 08:45:06 --> Session: Class initialized using 'CodeIgniter\Session\Handlers\FileHandler' driver.
INFO - 2024-12-12 08:45:09 --> Session: Class initialized using 'CodeIgniter\Session\Handlers\FileHandler' driver.
INFO - 2024-12-12 08:46:05 --> Session: Class initialized using 'CodeIgniter\Session\Handlers\FileHandler' driver.
INFO - 2024-12-12 08:46:09 --> Session: Class initialized using 'CodeIgniter\Session\Handlers\FileHandler' driver.
INFO - 2024-12-12 08:46:15 --> Session: Class initialized using 'CodeIgniter\Session\Handlers\FileHandler' driver.
INFO - 2024-12-12 08:46:17 --> Session: Class initialized using 'CodeIgniter\Session\Handlers\FileHandler' driver.
INFO - 2024-12-12 08:46:21 --> Session: Class initialized using 'CodeIgniter\Session\Handlers\FileHandler' driver.
INFO - 2024-12-12 08:46:24 --> Session: Class initialized using 'CodeIgniter\Session\Handlers\FileHandler' driver.
INFO - 2024-12-12 08:47:21 --> Session: Class initialized using 'CodeIgniter\Session\Handlers\FileHandler' driver.
DEBUG - 2024-12-12 08:47:21 --> POST Data: Array
(
    [daftar_rps_id] => 12
    [status] => Array
        (
            [1] => Revisi
            [3] => Revisi
            [7] => Sesuai
        )

    [catatan] => Array
        (
            [1] => kkk
            [3] => kkk
            [7] => 
        )

)

DEBUG - 2024-12-12 08:47:21 --> User ID: 8
DEBUG - 2024-12-12 08:47:21 --> Review Data for unsur 1: Array
(
    [daftar_rps_id] => 12
    [unsur_id] => 1
    [review_gpm] => Revisi
    [catatan_gpm] => kkk
    [reviewer_role] => gpm
    [reviewer_id] => 8
    [status] => Revisi
)

DEBUG - 2024-12-12 08:47:21 --> Updating existing review ID: 1
DEBUG - 2024-12-12 08:47:21 --> Review Data for unsur 3: Array
(
    [daftar_rps_id] => 12
    [unsur_id] => 3
    [review_gpm] => Revisi
    [catatan_gpm] => kkk
    [reviewer_role] => gpm
    [reviewer_id] => 8
    [status] => Revisi
)

DEBUG - 2024-12-12 08:47:21 --> Updating existing review ID: 2
DEBUG - 2024-12-12 08:47:21 --> Review Data for unsur 7: Array
(
    [daftar_rps_id] => 12
    [unsur_id] => 7
    [review_gpm] => Sesuai
    [catatan_gpm] => 
    [reviewer_role] => gpm
    [reviewer_id] => 8
    [status] => Sesuai
)

DEBUG - 2024-12-12 08:47:21 --> Updating existing review ID: 3
INFO - 2024-12-12 08:47:22 --> Session: Class initialized using 'CodeIgniter\Session\Handlers\FileHandler' driver.
INFO - 2024-12-12 08:47:41 --> Session: Class initialized using 'CodeIgniter\Session\Handlers\FileHandler' driver.
INFO - 2024-12-12 08:47:57 --> Session: Class initialized using 'CodeIgniter\Session\Handlers\FileHandler' driver.
INFO - 2024-12-12 08:47:59 --> Session: Class initialized using 'CodeIgniter\Session\Handlers\FileHandler' driver.
INFO - 2024-12-12 08:48:19 --> Session: Class initialized using 'CodeIgniter\Session\Handlers\FileHandler' driver.
INFO - 2024-12-12 08:48:20 --> Session: Class initialized using 'CodeIgniter\Session\Handlers\FileHandler' driver.
INFO - 2024-12-12 08:48:24 --> Session: Class initialized using 'CodeIgniter\Session\Handlers\FileHandler' driver.
INFO - 2024-12-12 08:48:25 --> Session: Class initialized using 'CodeIgniter\Session\Handlers\FileHandler' driver.
INFO - 2024-12-12 08:48:34 --> Session: Class initialized using 'CodeIgniter\Session\Handlers\FileHandler' driver.
INFO - 2024-12-12 08:48:45 --> Session: Class initialized using 'CodeIgniter\Session\Handlers\FileHandler' driver.
INFO - 2024-12-12 08:48:51 --> Session: Class initialized using 'CodeIgniter\Session\Handlers\FileHandler' driver.
CRITICAL - 2024-12-12 08:48:51 --> CodeIgniter\Files\Exceptions\FileNotFoundException: File not found: "path/to/files/https://docs.google.com/document/d/1-neYBih6WBxiXhdG-Ooo_eCS9TqRSBFB/edit?usp=drive_link&ouid=115892866959518709254&rtpof=true&sd=true"
[Method: GET, Route: gpm/download/12]
in SYSTEMPATH\Files\File.php on line 51.
 1 SYSTEMPATH\Files\File.php(51): CodeIgniter\Files\Exceptions\FileNotFoundException::forFileNotFound()
 2 SYSTEMPATH\HTTP\DownloadResponse.php(106): CodeIgniter\Files\File->__construct()
 3 SYSTEMPATH\HTTP\ResponseTrait.php(739): CodeIgniter\HTTP\DownloadResponse->setFilePath()
 4 APPPATH\Controllers\GpmController.php(72): CodeIgniter\HTTP\Response->download()
 5 SYSTEMPATH\CodeIgniter.php(933): App\Controllers\GpmController->download()
 6 SYSTEMPATH\CodeIgniter.php(509): CodeIgniter\CodeIgniter->runController()
 7 SYSTEMPATH\CodeIgniter.php(355): CodeIgniter\CodeIgniter->handleRequest()
 8 SYSTEMPATH\Boot.php(325): CodeIgniter\CodeIgniter->run()
 9 SYSTEMPATH\Boot.php(67): CodeIgniter\Boot::runCodeIgniter()
10 FCPATH\index.php(56): CodeIgniter\Boot::bootWeb()
11 SYSTEMPATH\rewrite.php(44): require_once('C:\\xampp\\htdocs\\ci4\\public\\index.php')
INFO - 2024-12-12 08:48:53 --> Session: Class initialized using 'CodeIgniter\Session\Handlers\FileHandler' driver.
