INFO - 2024-12-03 09:44:03 --> Session: Class initialized using 'CodeIgniter\Session\Handlers\FileHandler' driver.
INFO - 2024-12-03 09:44:04 --> Session: Class initialized using 'CodeIgniter\Session\Handlers\FileHandler' driver.
INFO - 2024-12-03 09:44:13 --> Session: Class initialized using 'CodeIgniter\Session\Handlers\FileHandler' driver.
INFO - 2024-12-03 09:44:13 --> Session: Class initialized using 'CodeIgniter\Session\Handlers\FileHandler' driver.
INFO - 2024-12-03 09:44:15 --> Session: Class initialized using 'CodeIgniter\Session\Handlers\FileHandler' driver.
INFO - 2024-12-03 09:44:25 --> Session: Class initialized using 'CodeIgniter\Session\Handlers\FileHandler' driver.
INFO - 2024-12-03 09:56:58 --> Session: Class initialized using 'CodeIgniter\Session\Handlers\FileHandler' driver.
INFO - 2024-12-03 09:57:09 --> Session: Class initialized using 'CodeIgniter\Session\Handlers\FileHandler' driver.
INFO - 2024-12-03 09:57:15 --> Session: Class initialized using 'CodeIgniter\Session\Handlers\FileHandler' driver.
INFO - 2024-12-03 09:57:30 --> Session: Class initialized using 'CodeIgniter\Session\Handlers\FileHandler' driver.
INFO - 2024-12-03 09:57:40 --> Session: Class initialized using 'CodeIgniter\Session\Handlers\FileHandler' driver.
INFO - 2024-12-03 09:57:42 --> Session: Class initialized using 'CodeIgniter\Session\Handlers\FileHandler' driver.
INFO - 2024-12-03 09:57:54 --> Session: Class initialized using 'CodeIgniter\Session\Handlers\FileHandler' driver.
INFO - 2024-12-03 09:58:04 --> Session: Class initialized using 'CodeIgniter\Session\Handlers\FileHandler' driver.
INFO - 2024-12-03 10:14:53 --> Session: Class initialized using 'CodeIgniter\Session\Handlers\FileHandler' driver.
INFO - 2024-12-03 10:14:57 --> Session: Class initialized using 'CodeIgniter\Session\Handlers\FileHandler' driver.
INFO - 2024-12-03 10:15:08 --> Session: Class initialized using 'CodeIgniter\Session\Handlers\FileHandler' driver.
INFO - 2024-12-03 10:18:54 --> Session: Class initialized using 'CodeIgniter\Session\Handlers\FileHandler' driver.
INFO - 2024-12-03 10:18:56 --> Session: Class initialized using 'CodeIgniter\Session\Handlers\FileHandler' driver.
INFO - 2024-12-03 10:18:58 --> Session: Class initialized using 'CodeIgniter\Session\Handlers\FileHandler' driver.
INFO - 2024-12-03 10:19:53 --> Session: Class initialized using 'CodeIgniter\Session\Handlers\FileHandler' driver.
INFO - 2024-12-03 10:20:02 --> Session: Class initialized using 'CodeIgniter\Session\Handlers\FileHandler' driver.
CRITICAL - 2024-12-03 10:20:02 --> CodeIgniter\Validation\Exceptions\ValidationException: "exists" is not a valid rule.
[Method: POST, Route: dosen/simpan_rps]
in SYSTEMPATH\Validation\Validation.php on line 348.
 1 SYSTEMPATH\Validation\Validation.php(348): CodeIgniter\Validation\Exceptions\ValidationException::forRuleNotFound()
 2 SYSTEMPATH\Validation\Validation.php(204): CodeIgniter\Validation\Validation->processRules()
 3 SYSTEMPATH\Controller.php(137): CodeIgniter\Validation\Validation->run()
 4 APPPATH\Controllers\dosenController.php(101): CodeIgniter\Controller->validate()
 5 SYSTEMPATH\CodeIgniter.php(933): App\Controllers\dosenController->simpan_rps()
 6 SYSTEMPATH\CodeIgniter.php(509): CodeIgniter\CodeIgniter->runController()
 7 SYSTEMPATH\CodeIgniter.php(355): CodeIgniter\CodeIgniter->handleRequest()
 8 SYSTEMPATH\Boot.php(325): CodeIgniter\CodeIgniter->run()
 9 SYSTEMPATH\Boot.php(67): CodeIgniter\Boot::runCodeIgniter()
10 FCPATH\index.php(56): CodeIgniter\Boot::bootWeb()
11 SYSTEMPATH\rewrite.php(44): require_once('C:\\xampp\\htdocs\\ci4\\public\\index.php')
INFO - 2024-12-03 10:20:08 --> Session: Class initialized using 'CodeIgniter\Session\Handlers\FileHandler' driver.
INFO - 2024-12-03 10:20:10 --> Session: Class initialized using 'CodeIgniter\Session\Handlers\FileHandler' driver.
CRITICAL - 2024-12-03 10:20:10 --> CodeIgniter\Validation\Exceptions\ValidationException: "exists" is not a valid rule.
[Method: POST, Route: dosen/simpan_rps]
in SYSTEMPATH\Validation\Validation.php on line 348.
 1 SYSTEMPATH\Validation\Validation.php(348): CodeIgniter\Validation\Exceptions\ValidationException::forRuleNotFound()
 2 SYSTEMPATH\Validation\Validation.php(204): CodeIgniter\Validation\Validation->processRules()
 3 SYSTEMPATH\Controller.php(137): CodeIgniter\Validation\Validation->run()
 4 APPPATH\Controllers\dosenController.php(101): CodeIgniter\Controller->validate()
 5 SYSTEMPATH\CodeIgniter.php(933): App\Controllers\dosenController->simpan_rps()
 6 SYSTEMPATH\CodeIgniter.php(509): CodeIgniter\CodeIgniter->runController()
 7 SYSTEMPATH\CodeIgniter.php(355): CodeIgniter\CodeIgniter->handleRequest()
 8 SYSTEMPATH\Boot.php(325): CodeIgniter\CodeIgniter->run()
 9 SYSTEMPATH\Boot.php(67): CodeIgniter\Boot::runCodeIgniter()
10 FCPATH\index.php(56): CodeIgniter\Boot::bootWeb()
11 SYSTEMPATH\rewrite.php(44): require_once('C:\\xampp\\htdocs\\ci4\\public\\index.php')
INFO - 2024-12-03 10:22:26 --> Session: Class initialized using 'CodeIgniter\Session\Handlers\FileHandler' driver.
INFO - 2024-12-03 10:22:28 --> Session: Class initialized using 'CodeIgniter\Session\Handlers\FileHandler' driver.
INFO - 2024-12-03 10:22:28 --> Session: Class initialized using 'CodeIgniter\Session\Handlers\FileHandler' driver.
INFO - 2024-12-03 11:03:27 --> Session: Class initialized using 'CodeIgniter\Session\Handlers\FileHandler' driver.
INFO - 2024-12-03 11:03:29 --> Session: Class initialized using 'CodeIgniter\Session\Handlers\FileHandler' driver.
INFO - 2024-12-03 11:03:29 --> Session: Class initialized using 'CodeIgniter\Session\Handlers\FileHandler' driver.
INFO - 2024-12-03 11:06:52 --> Session: Class initialized using 'CodeIgniter\Session\Handlers\FileHandler' driver.
INFO - 2024-12-03 11:06:53 --> Session: Class initialized using 'CodeIgniter\Session\Handlers\FileHandler' driver.
INFO - 2024-12-03 11:06:54 --> Session: Class initialized using 'CodeIgniter\Session\Handlers\FileHandler' driver.
INFO - 2024-12-03 11:07:03 --> Session: Class initialized using 'CodeIgniter\Session\Handlers\FileHandler' driver.
INFO - 2024-12-03 11:07:08 --> Session: Class initialized using 'CodeIgniter\Session\Handlers\FileHandler' driver.
ERROR - 2024-12-03 11:07:08 --> mysqli_sql_exception: Cannot add or update a child row: a foreign key constraint fails (`db_monev`.`daftar_rps`, CONSTRAINT `fk_user_id_rps` FOREIGN KEY (`user_id`) REFERENCES `users` (`id`) ON DELETE CASCADE) in C:\xampp\htdocs\ci4\system\Database\MySQLi\Connection.php:312
Stack trace:
#0 C:\xampp\htdocs\ci4\system\Database\MySQLi\Connection.php(312): mysqli->query()
#1 C:\xampp\htdocs\ci4\system\Database\BaseConnection.php(734): CodeIgniter\Database\MySQLi\Connection->execute()
#2 C:\xampp\htdocs\ci4\system\Database\BaseConnection.php(648): CodeIgniter\Database\BaseConnection->simpleQuery()
#3 C:\xampp\htdocs\ci4\system\Database\BaseBuilder.php(2340): CodeIgniter\Database\BaseConnection->query()
#4 C:\xampp\htdocs\ci4\system\Model.php(394): CodeIgniter\Database\BaseBuilder->insert()
#5 C:\xampp\htdocs\ci4\system\BaseModel.php(840): CodeIgniter\Model->doInsert()
#6 C:\xampp\htdocs\ci4\system\Model.php(802): CodeIgniter\BaseModel->insert()
#7 C:\xampp\htdocs\ci4\app\Controllers\UnggahRpsController.php(41): CodeIgniter\Model->insert()
#8 C:\xampp\htdocs\ci4\system\CodeIgniter.php(933): App\Controllers\UnggahRpsController->simpan_rps()
#9 C:\xampp\htdocs\ci4\system\CodeIgniter.php(509): CodeIgniter\CodeIgniter->runController()
#10 C:\xampp\htdocs\ci4\system\CodeIgniter.php(355): CodeIgniter\CodeIgniter->handleRequest()
#11 C:\xampp\htdocs\ci4\system\Boot.php(325): CodeIgniter\CodeIgniter->run()
#12 C:\xampp\htdocs\ci4\system\Boot.php(67): CodeIgniter\Boot::runCodeIgniter()
#13 C:\xampp\htdocs\ci4\public\index.php(56): CodeIgniter\Boot::bootWeb()
#14 C:\xampp\htdocs\ci4\system\rewrite.php(44): require_once('...')
#15 {main}
CRITICAL - 2024-12-03 11:07:08 --> CodeIgniter\Database\Exceptions\DatabaseException: Cannot add or update a child row: a foreign key constraint fails (`db_monev`.`daftar_rps`, CONSTRAINT `fk_user_id_rps` FOREIGN KEY (`user_id`) REFERENCES `users` (`id`) ON DELETE CASCADE)
[Method: POST, Route: dosen/simpan_rps]
in SYSTEMPATH\Database\BaseConnection.php on line 688.
 1 SYSTEMPATH\Database\BaseBuilder.php(2340): CodeIgniter\Database\BaseConnection->query()
 2 SYSTEMPATH\Model.php(394): CodeIgniter\Database\BaseBuilder->insert()
 3 SYSTEMPATH\BaseModel.php(840): CodeIgniter\Model->doInsert()
 4 SYSTEMPATH\Model.php(802): CodeIgniter\BaseModel->insert()
 5 APPPATH\Controllers\UnggahRpsController.php(41): CodeIgniter\Model->insert()
 6 SYSTEMPATH\CodeIgniter.php(933): App\Controllers\UnggahRpsController->simpan_rps()
 7 SYSTEMPATH\CodeIgniter.php(509): CodeIgniter\CodeIgniter->runController()
 8 SYSTEMPATH\CodeIgniter.php(355): CodeIgniter\CodeIgniter->handleRequest()
 9 SYSTEMPATH\Boot.php(325): CodeIgniter\CodeIgniter->run()
10 SYSTEMPATH\Boot.php(67): CodeIgniter\Boot::runCodeIgniter()
11 FCPATH\index.php(56): CodeIgniter\Boot::bootWeb()
12 SYSTEMPATH\rewrite.php(44): require_once('C:\\xampp\\htdocs\\ci4\\public\\index.php')
CRITICAL - 2024-12-03 11:07:08 --> [Caused by] CodeIgniter\Database\Exceptions\DatabaseException: Cannot add or update a child row: a foreign key constraint fails (`db_monev`.`daftar_rps`, CONSTRAINT `fk_user_id_rps` FOREIGN KEY (`user_id`) REFERENCES `users` (`id`) ON DELETE CASCADE)
in SYSTEMPATH\Database\MySQLi\Connection.php on line 317.
 1 SYSTEMPATH\Database\BaseConnection.php(734): CodeIgniter\Database\MySQLi\Connection->execute()
 2 SYSTEMPATH\Database\BaseConnection.php(648): CodeIgniter\Database\BaseConnection->simpleQuery()
 3 SYSTEMPATH\Database\BaseBuilder.php(2340): CodeIgniter\Database\BaseConnection->query()
 4 SYSTEMPATH\Model.php(394): CodeIgniter\Database\BaseBuilder->insert()
 5 SYSTEMPATH\BaseModel.php(840): CodeIgniter\Model->doInsert()
 6 SYSTEMPATH\Model.php(802): CodeIgniter\BaseModel->insert()
 7 APPPATH\Controllers\UnggahRpsController.php(41): CodeIgniter\Model->insert()
 8 SYSTEMPATH\CodeIgniter.php(933): App\Controllers\UnggahRpsController->simpan_rps()
 9 SYSTEMPATH\CodeIgniter.php(509): CodeIgniter\CodeIgniter->runController()
10 SYSTEMPATH\CodeIgniter.php(355): CodeIgniter\CodeIgniter->handleRequest()
11 SYSTEMPATH\Boot.php(325): CodeIgniter\CodeIgniter->run()
12 SYSTEMPATH\Boot.php(67): CodeIgniter\Boot::runCodeIgniter()
13 FCPATH\index.php(56): CodeIgniter\Boot::bootWeb()
14 SYSTEMPATH\rewrite.php(44): require_once('C:\\xampp\\htdocs\\ci4\\public\\index.php')
CRITICAL - 2024-12-03 11:07:08 --> [Caused by] mysqli_sql_exception: Cannot add or update a child row: a foreign key constraint fails (`db_monev`.`daftar_rps`, CONSTRAINT `fk_user_id_rps` FOREIGN KEY (`user_id`) REFERENCES `users` (`id`) ON DELETE CASCADE)
in SYSTEMPATH\Database\MySQLi\Connection.php on line 312.
 1 SYSTEMPATH\Database\MySQLi\Connection.php(312): mysqli->query()
 2 SYSTEMPATH\Database\BaseConnection.php(734): CodeIgniter\Database\MySQLi\Connection->execute()
 3 SYSTEMPATH\Database\BaseConnection.php(648): CodeIgniter\Database\BaseConnection->simpleQuery()
 4 SYSTEMPATH\Database\BaseBuilder.php(2340): CodeIgniter\Database\BaseConnection->query()
 5 SYSTEMPATH\Model.php(394): CodeIgniter\Database\BaseBuilder->insert()
 6 SYSTEMPATH\BaseModel.php(840): CodeIgniter\Model->doInsert()
 7 SYSTEMPATH\Model.php(802): CodeIgniter\BaseModel->insert()
 8 APPPATH\Controllers\UnggahRpsController.php(41): CodeIgniter\Model->insert()
 9 SYSTEMPATH\CodeIgniter.php(933): App\Controllers\UnggahRpsController->simpan_rps()
10 SYSTEMPATH\CodeIgniter.php(509): CodeIgniter\CodeIgniter->runController()
11 SYSTEMPATH\CodeIgniter.php(355): CodeIgniter\CodeIgniter->handleRequest()
12 SYSTEMPATH\Boot.php(325): CodeIgniter\CodeIgniter->run()
13 SYSTEMPATH\Boot.php(67): CodeIgniter\Boot::runCodeIgniter()
14 FCPATH\index.php(56): CodeIgniter\Boot::bootWeb()
15 SYSTEMPATH\rewrite.php(44): require_once('C:\\xampp\\htdocs\\ci4\\public\\index.php')
INFO - 2024-12-03 11:12:02 --> Session: Class initialized using 'CodeIgniter\Session\Handlers\FileHandler' driver.
INFO - 2024-12-03 11:12:05 --> Session: Class initialized using 'CodeIgniter\Session\Handlers\FileHandler' driver.
ERROR - 2024-12-03 11:12:05 --> mysqli_sql_exception: Cannot add or update a child row: a foreign key constraint fails (`db_monev`.`daftar_rps`, CONSTRAINT `fk_user_id_rps` FOREIGN KEY (`user_id`) REFERENCES `users` (`id`) ON DELETE CASCADE) in C:\xampp\htdocs\ci4\system\Database\MySQLi\Connection.php:312
Stack trace:
#0 C:\xampp\htdocs\ci4\system\Database\MySQLi\Connection.php(312): mysqli->query()
#1 C:\xampp\htdocs\ci4\system\Database\BaseConnection.php(734): CodeIgniter\Database\MySQLi\Connection->execute()
#2 C:\xampp\htdocs\ci4\system\Database\BaseConnection.php(648): CodeIgniter\Database\BaseConnection->simpleQuery()
#3 C:\xampp\htdocs\ci4\system\Database\BaseBuilder.php(2340): CodeIgniter\Database\BaseConnection->query()
#4 C:\xampp\htdocs\ci4\system\Model.php(394): CodeIgniter\Database\BaseBuilder->insert()
#5 C:\xampp\htdocs\ci4\system\BaseModel.php(840): CodeIgniter\Model->doInsert()
#6 C:\xampp\htdocs\ci4\system\Model.php(802): CodeIgniter\BaseModel->insert()
#7 C:\xampp\htdocs\ci4\app\Controllers\UnggahRpsController.php(41): CodeIgniter\Model->insert()
#8 C:\xampp\htdocs\ci4\system\CodeIgniter.php(933): App\Controllers\UnggahRpsController->simpan_rps()
#9 C:\xampp\htdocs\ci4\system\CodeIgniter.php(509): CodeIgniter\CodeIgniter->runController()
#10 C:\xampp\htdocs\ci4\system\CodeIgniter.php(355): CodeIgniter\CodeIgniter->handleRequest()
#11 C:\xampp\htdocs\ci4\system\Boot.php(325): CodeIgniter\CodeIgniter->run()
#12 C:\xampp\htdocs\ci4\system\Boot.php(67): CodeIgniter\Boot::runCodeIgniter()
#13 C:\xampp\htdocs\ci4\public\index.php(56): CodeIgniter\Boot::bootWeb()
#14 C:\xampp\htdocs\ci4\system\rewrite.php(44): require_once('...')
#15 {main}
CRITICAL - 2024-12-03 11:12:05 --> CodeIgniter\Database\Exceptions\DatabaseException: Cannot add or update a child row: a foreign key constraint fails (`db_monev`.`daftar_rps`, CONSTRAINT `fk_user_id_rps` FOREIGN KEY (`user_id`) REFERENCES `users` (`id`) ON DELETE CASCADE)
[Method: POST, Route: dosen/simpan_rps]
in SYSTEMPATH\Database\BaseConnection.php on line 688.
 1 SYSTEMPATH\Database\BaseBuilder.php(2340): CodeIgniter\Database\BaseConnection->query()
 2 SYSTEMPATH\Model.php(394): CodeIgniter\Database\BaseBuilder->insert()
 3 SYSTEMPATH\BaseModel.php(840): CodeIgniter\Model->doInsert()
 4 SYSTEMPATH\Model.php(802): CodeIgniter\BaseModel->insert()
 5 APPPATH\Controllers\UnggahRpsController.php(41): CodeIgniter\Model->insert()
 6 SYSTEMPATH\CodeIgniter.php(933): App\Controllers\UnggahRpsController->simpan_rps()
 7 SYSTEMPATH\CodeIgniter.php(509): CodeIgniter\CodeIgniter->runController()
 8 SYSTEMPATH\CodeIgniter.php(355): CodeIgniter\CodeIgniter->handleRequest()
 9 SYSTEMPATH\Boot.php(325): CodeIgniter\CodeIgniter->run()
10 SYSTEMPATH\Boot.php(67): CodeIgniter\Boot::runCodeIgniter()
11 FCPATH\index.php(56): CodeIgniter\Boot::bootWeb()
12 SYSTEMPATH\rewrite.php(44): require_once('C:\\xampp\\htdocs\\ci4\\public\\index.php')
CRITICAL - 2024-12-03 11:12:05 --> [Caused by] CodeIgniter\Database\Exceptions\DatabaseException: Cannot add or update a child row: a foreign key constraint fails (`db_monev`.`daftar_rps`, CONSTRAINT `fk_user_id_rps` FOREIGN KEY (`user_id`) REFERENCES `users` (`id`) ON DELETE CASCADE)
in SYSTEMPATH\Database\MySQLi\Connection.php on line 317.
 1 SYSTEMPATH\Database\BaseConnection.php(734): CodeIgniter\Database\MySQLi\Connection->execute()
 2 SYSTEMPATH\Database\BaseConnection.php(648): CodeIgniter\Database\BaseConnection->simpleQuery()
 3 SYSTEMPATH\Database\BaseBuilder.php(2340): CodeIgniter\Database\BaseConnection->query()
 4 SYSTEMPATH\Model.php(394): CodeIgniter\Database\BaseBuilder->insert()
 5 SYSTEMPATH\BaseModel.php(840): CodeIgniter\Model->doInsert()
 6 SYSTEMPATH\Model.php(802): CodeIgniter\BaseModel->insert()
 7 APPPATH\Controllers\UnggahRpsController.php(41): CodeIgniter\Model->insert()
 8 SYSTEMPATH\CodeIgniter.php(933): App\Controllers\UnggahRpsController->simpan_rps()
 9 SYSTEMPATH\CodeIgniter.php(509): CodeIgniter\CodeIgniter->runController()
10 SYSTEMPATH\CodeIgniter.php(355): CodeIgniter\CodeIgniter->handleRequest()
11 SYSTEMPATH\Boot.php(325): CodeIgniter\CodeIgniter->run()
12 SYSTEMPATH\Boot.php(67): CodeIgniter\Boot::runCodeIgniter()
13 FCPATH\index.php(56): CodeIgniter\Boot::bootWeb()
14 SYSTEMPATH\rewrite.php(44): require_once('C:\\xampp\\htdocs\\ci4\\public\\index.php')
CRITICAL - 2024-12-03 11:12:05 --> [Caused by] mysqli_sql_exception: Cannot add or update a child row: a foreign key constraint fails (`db_monev`.`daftar_rps`, CONSTRAINT `fk_user_id_rps` FOREIGN KEY (`user_id`) REFERENCES `users` (`id`) ON DELETE CASCADE)
in SYSTEMPATH\Database\MySQLi\Connection.php on line 312.
 1 SYSTEMPATH\Database\MySQLi\Connection.php(312): mysqli->query()
 2 SYSTEMPATH\Database\BaseConnection.php(734): CodeIgniter\Database\MySQLi\Connection->execute()
 3 SYSTEMPATH\Database\BaseConnection.php(648): CodeIgniter\Database\BaseConnection->simpleQuery()
 4 SYSTEMPATH\Database\BaseBuilder.php(2340): CodeIgniter\Database\BaseConnection->query()
 5 SYSTEMPATH\Model.php(394): CodeIgniter\Database\BaseBuilder->insert()
 6 SYSTEMPATH\BaseModel.php(840): CodeIgniter\Model->doInsert()
 7 SYSTEMPATH\Model.php(802): CodeIgniter\BaseModel->insert()
 8 APPPATH\Controllers\UnggahRpsController.php(41): CodeIgniter\Model->insert()
 9 SYSTEMPATH\CodeIgniter.php(933): App\Controllers\UnggahRpsController->simpan_rps()
10 SYSTEMPATH\CodeIgniter.php(509): CodeIgniter\CodeIgniter->runController()
11 SYSTEMPATH\CodeIgniter.php(355): CodeIgniter\CodeIgniter->handleRequest()
12 SYSTEMPATH\Boot.php(325): CodeIgniter\CodeIgniter->run()
13 SYSTEMPATH\Boot.php(67): CodeIgniter\Boot::runCodeIgniter()
14 FCPATH\index.php(56): CodeIgniter\Boot::bootWeb()
15 SYSTEMPATH\rewrite.php(44): require_once('C:\\xampp\\htdocs\\ci4\\public\\index.php')
INFO - 2024-12-03 11:12:48 --> Session: Class initialized using 'CodeIgniter\Session\Handlers\FileHandler' driver.
INFO - 2024-12-03 11:12:49 --> Session: Class initialized using 'CodeIgniter\Session\Handlers\FileHandler' driver.
INFO - 2024-12-03 11:12:52 --> Session: Class initialized using 'CodeIgniter\Session\Handlers\FileHandler' driver.
INFO - 2024-12-03 11:13:01 --> Session: Class initialized using 'CodeIgniter\Session\Handlers\FileHandler' driver.
INFO - 2024-12-03 11:13:06 --> Session: Class initialized using 'CodeIgniter\Session\Handlers\FileHandler' driver.
ERROR - 2024-12-03 11:13:06 --> mysqli_sql_exception: Cannot add or update a child row: a foreign key constraint fails (`db_monev`.`daftar_rps`, CONSTRAINT `fk_user_id_rps` FOREIGN KEY (`user_id`) REFERENCES `users` (`id`) ON DELETE CASCADE) in C:\xampp\htdocs\ci4\system\Database\MySQLi\Connection.php:312
Stack trace:
#0 C:\xampp\htdocs\ci4\system\Database\MySQLi\Connection.php(312): mysqli->query()
#1 C:\xampp\htdocs\ci4\system\Database\BaseConnection.php(734): CodeIgniter\Database\MySQLi\Connection->execute()
#2 C:\xampp\htdocs\ci4\system\Database\BaseConnection.php(648): CodeIgniter\Database\BaseConnection->simpleQuery()
#3 C:\xampp\htdocs\ci4\system\Database\BaseBuilder.php(2340): CodeIgniter\Database\BaseConnection->query()
#4 C:\xampp\htdocs\ci4\system\Model.php(394): CodeIgniter\Database\BaseBuilder->insert()
#5 C:\xampp\htdocs\ci4\system\BaseModel.php(840): CodeIgniter\Model->doInsert()
#6 C:\xampp\htdocs\ci4\system\Model.php(802): CodeIgniter\BaseModel->insert()
#7 C:\xampp\htdocs\ci4\app\Controllers\UnggahRpsController.php(41): CodeIgniter\Model->insert()
#8 C:\xampp\htdocs\ci4\system\CodeIgniter.php(933): App\Controllers\UnggahRpsController->simpan_rps()
#9 C:\xampp\htdocs\ci4\system\CodeIgniter.php(509): CodeIgniter\CodeIgniter->runController()
#10 C:\xampp\htdocs\ci4\system\CodeIgniter.php(355): CodeIgniter\CodeIgniter->handleRequest()
#11 C:\xampp\htdocs\ci4\system\Boot.php(325): CodeIgniter\CodeIgniter->run()
#12 C:\xampp\htdocs\ci4\system\Boot.php(67): CodeIgniter\Boot::runCodeIgniter()
#13 C:\xampp\htdocs\ci4\public\index.php(56): CodeIgniter\Boot::bootWeb()
#14 C:\xampp\htdocs\ci4\system\rewrite.php(44): require_once('...')
#15 {main}
CRITICAL - 2024-12-03 11:13:06 --> CodeIgniter\Database\Exceptions\DatabaseException: Cannot add or update a child row: a foreign key constraint fails (`db_monev`.`daftar_rps`, CONSTRAINT `fk_user_id_rps` FOREIGN KEY (`user_id`) REFERENCES `users` (`id`) ON DELETE CASCADE)
[Method: POST, Route: dosen/simpan_rps]
in SYSTEMPATH\Database\BaseConnection.php on line 688.
 1 SYSTEMPATH\Database\BaseBuilder.php(2340): CodeIgniter\Database\BaseConnection->query()
 2 SYSTEMPATH\Model.php(394): CodeIgniter\Database\BaseBuilder->insert()
 3 SYSTEMPATH\BaseModel.php(840): CodeIgniter\Model->doInsert()
 4 SYSTEMPATH\Model.php(802): CodeIgniter\BaseModel->insert()
 5 APPPATH\Controllers\UnggahRpsController.php(41): CodeIgniter\Model->insert()
 6 SYSTEMPATH\CodeIgniter.php(933): App\Controllers\UnggahRpsController->simpan_rps()
 7 SYSTEMPATH\CodeIgniter.php(509): CodeIgniter\CodeIgniter->runController()
 8 SYSTEMPATH\CodeIgniter.php(355): CodeIgniter\CodeIgniter->handleRequest()
 9 SYSTEMPATH\Boot.php(325): CodeIgniter\CodeIgniter->run()
10 SYSTEMPATH\Boot.php(67): CodeIgniter\Boot::runCodeIgniter()
11 FCPATH\index.php(56): CodeIgniter\Boot::bootWeb()
12 SYSTEMPATH\rewrite.php(44): require_once('C:\\xampp\\htdocs\\ci4\\public\\index.php')
CRITICAL - 2024-12-03 11:13:06 --> [Caused by] CodeIgniter\Database\Exceptions\DatabaseException: Cannot add or update a child row: a foreign key constraint fails (`db_monev`.`daftar_rps`, CONSTRAINT `fk_user_id_rps` FOREIGN KEY (`user_id`) REFERENCES `users` (`id`) ON DELETE CASCADE)
in SYSTEMPATH\Database\MySQLi\Connection.php on line 317.
 1 SYSTEMPATH\Database\BaseConnection.php(734): CodeIgniter\Database\MySQLi\Connection->execute()
 2 SYSTEMPATH\Database\BaseConnection.php(648): CodeIgniter\Database\BaseConnection->simpleQuery()
 3 SYSTEMPATH\Database\BaseBuilder.php(2340): CodeIgniter\Database\BaseConnection->query()
 4 SYSTEMPATH\Model.php(394): CodeIgniter\Database\BaseBuilder->insert()
 5 SYSTEMPATH\BaseModel.php(840): CodeIgniter\Model->doInsert()
 6 SYSTEMPATH\Model.php(802): CodeIgniter\BaseModel->insert()
 7 APPPATH\Controllers\UnggahRpsController.php(41): CodeIgniter\Model->insert()
 8 SYSTEMPATH\CodeIgniter.php(933): App\Controllers\UnggahRpsController->simpan_rps()
 9 SYSTEMPATH\CodeIgniter.php(509): CodeIgniter\CodeIgniter->runController()
10 SYSTEMPATH\CodeIgniter.php(355): CodeIgniter\CodeIgniter->handleRequest()
11 SYSTEMPATH\Boot.php(325): CodeIgniter\CodeIgniter->run()
12 SYSTEMPATH\Boot.php(67): CodeIgniter\Boot::runCodeIgniter()
13 FCPATH\index.php(56): CodeIgniter\Boot::bootWeb()
14 SYSTEMPATH\rewrite.php(44): require_once('C:\\xampp\\htdocs\\ci4\\public\\index.php')
CRITICAL - 2024-12-03 11:13:06 --> [Caused by] mysqli_sql_exception: Cannot add or update a child row: a foreign key constraint fails (`db_monev`.`daftar_rps`, CONSTRAINT `fk_user_id_rps` FOREIGN KEY (`user_id`) REFERENCES `users` (`id`) ON DELETE CASCADE)
in SYSTEMPATH\Database\MySQLi\Connection.php on line 312.
 1 SYSTEMPATH\Database\MySQLi\Connection.php(312): mysqli->query()
 2 SYSTEMPATH\Database\BaseConnection.php(734): CodeIgniter\Database\MySQLi\Connection->execute()
 3 SYSTEMPATH\Database\BaseConnection.php(648): CodeIgniter\Database\BaseConnection->simpleQuery()
 4 SYSTEMPATH\Database\BaseBuilder.php(2340): CodeIgniter\Database\BaseConnection->query()
 5 SYSTEMPATH\Model.php(394): CodeIgniter\Database\BaseBuilder->insert()
 6 SYSTEMPATH\BaseModel.php(840): CodeIgniter\Model->doInsert()
 7 SYSTEMPATH\Model.php(802): CodeIgniter\BaseModel->insert()
 8 APPPATH\Controllers\UnggahRpsController.php(41): CodeIgniter\Model->insert()
 9 SYSTEMPATH\CodeIgniter.php(933): App\Controllers\UnggahRpsController->simpan_rps()
10 SYSTEMPATH\CodeIgniter.php(509): CodeIgniter\CodeIgniter->runController()
11 SYSTEMPATH\CodeIgniter.php(355): CodeIgniter\CodeIgniter->handleRequest()
12 SYSTEMPATH\Boot.php(325): CodeIgniter\CodeIgniter->run()
13 SYSTEMPATH\Boot.php(67): CodeIgniter\Boot::runCodeIgniter()
14 FCPATH\index.php(56): CodeIgniter\Boot::bootWeb()
15 SYSTEMPATH\rewrite.php(44): require_once('C:\\xampp\\htdocs\\ci4\\public\\index.php')
INFO - 2024-12-03 11:13:08 --> Session: Class initialized using 'CodeIgniter\Session\Handlers\FileHandler' driver.
INFO - 2024-12-03 11:14:39 --> Session: Class initialized using 'CodeIgniter\Session\Handlers\FileHandler' driver.
INFO - 2024-12-03 11:14:42 --> Session: Class initialized using 'CodeIgniter\Session\Handlers\FileHandler' driver.
ERROR - 2024-12-03 11:14:42 --> mysqli_sql_exception: Unknown column 'kode_mata_kuliah' in 'field list' in C:\xampp\htdocs\ci4\system\Database\MySQLi\Connection.php:312
Stack trace:
#0 C:\xampp\htdocs\ci4\system\Database\MySQLi\Connection.php(312): mysqli->query()
#1 C:\xampp\htdocs\ci4\system\Database\BaseConnection.php(734): CodeIgniter\Database\MySQLi\Connection->execute()
#2 C:\xampp\htdocs\ci4\system\Database\BaseConnection.php(648): CodeIgniter\Database\BaseConnection->simpleQuery()
#3 C:\xampp\htdocs\ci4\system\Database\BaseBuilder.php(2340): CodeIgniter\Database\BaseConnection->query()
#4 C:\xampp\htdocs\ci4\system\Model.php(394): CodeIgniter\Database\BaseBuilder->insert()
#5 C:\xampp\htdocs\ci4\system\BaseModel.php(840): CodeIgniter\Model->doInsert()
#6 C:\xampp\htdocs\ci4\system\Model.php(802): CodeIgniter\BaseModel->insert()
#7 C:\xampp\htdocs\ci4\app\Controllers\UnggahRpsController.php(41): CodeIgniter\Model->insert()
#8 C:\xampp\htdocs\ci4\system\CodeIgniter.php(933): App\Controllers\UnggahRpsController->simpan_rps()
#9 C:\xampp\htdocs\ci4\system\CodeIgniter.php(509): CodeIgniter\CodeIgniter->runController()
#10 C:\xampp\htdocs\ci4\system\CodeIgniter.php(355): CodeIgniter\CodeIgniter->handleRequest()
#11 C:\xampp\htdocs\ci4\system\Boot.php(325): CodeIgniter\CodeIgniter->run()
#12 C:\xampp\htdocs\ci4\system\Boot.php(67): CodeIgniter\Boot::runCodeIgniter()
#13 C:\xampp\htdocs\ci4\public\index.php(56): CodeIgniter\Boot::bootWeb()
#14 C:\xampp\htdocs\ci4\system\rewrite.php(44): require_once('...')
#15 {main}
CRITICAL - 2024-12-03 11:14:42 --> CodeIgniter\Database\Exceptions\DatabaseException: Unknown column 'kode_mata_kuliah' in 'field list'
[Method: POST, Route: dosen/simpan_rps]
in SYSTEMPATH\Database\BaseConnection.php on line 688.
 1 SYSTEMPATH\Database\BaseBuilder.php(2340): CodeIgniter\Database\BaseConnection->query()
 2 SYSTEMPATH\Model.php(394): CodeIgniter\Database\BaseBuilder->insert()
 3 SYSTEMPATH\BaseModel.php(840): CodeIgniter\Model->doInsert()
 4 SYSTEMPATH\Model.php(802): CodeIgniter\BaseModel->insert()
 5 APPPATH\Controllers\UnggahRpsController.php(41): CodeIgniter\Model->insert()
 6 SYSTEMPATH\CodeIgniter.php(933): App\Controllers\UnggahRpsController->simpan_rps()
 7 SYSTEMPATH\CodeIgniter.php(509): CodeIgniter\CodeIgniter->runController()
 8 SYSTEMPATH\CodeIgniter.php(355): CodeIgniter\CodeIgniter->handleRequest()
 9 SYSTEMPATH\Boot.php(325): CodeIgniter\CodeIgniter->run()
10 SYSTEMPATH\Boot.php(67): CodeIgniter\Boot::runCodeIgniter()
11 FCPATH\index.php(56): CodeIgniter\Boot::bootWeb()
12 SYSTEMPATH\rewrite.php(44): require_once('C:\\xampp\\htdocs\\ci4\\public\\index.php')
CRITICAL - 2024-12-03 11:14:42 --> [Caused by] CodeIgniter\Database\Exceptions\DatabaseException: Unknown column 'kode_mata_kuliah' in 'field list'
in SYSTEMPATH\Database\MySQLi\Connection.php on line 317.
 1 SYSTEMPATH\Database\BaseConnection.php(734): CodeIgniter\Database\MySQLi\Connection->execute()
 2 SYSTEMPATH\Database\BaseConnection.php(648): CodeIgniter\Database\BaseConnection->simpleQuery()
 3 SYSTEMPATH\Database\BaseBuilder.php(2340): CodeIgniter\Database\BaseConnection->query()
 4 SYSTEMPATH\Model.php(394): CodeIgniter\Database\BaseBuilder->insert()
 5 SYSTEMPATH\BaseModel.php(840): CodeIgniter\Model->doInsert()
 6 SYSTEMPATH\Model.php(802): CodeIgniter\BaseModel->insert()
 7 APPPATH\Controllers\UnggahRpsController.php(41): CodeIgniter\Model->insert()
 8 SYSTEMPATH\CodeIgniter.php(933): App\Controllers\UnggahRpsController->simpan_rps()
 9 SYSTEMPATH\CodeIgniter.php(509): CodeIgniter\CodeIgniter->runController()
10 SYSTEMPATH\CodeIgniter.php(355): CodeIgniter\CodeIgniter->handleRequest()
11 SYSTEMPATH\Boot.php(325): CodeIgniter\CodeIgniter->run()
12 SYSTEMPATH\Boot.php(67): CodeIgniter\Boot::runCodeIgniter()
13 FCPATH\index.php(56): CodeIgniter\Boot::bootWeb()
14 SYSTEMPATH\rewrite.php(44): require_once('C:\\xampp\\htdocs\\ci4\\public\\index.php')
CRITICAL - 2024-12-03 11:14:42 --> [Caused by] mysqli_sql_exception: Unknown column 'kode_mata_kuliah' in 'field list'
in SYSTEMPATH\Database\MySQLi\Connection.php on line 312.
 1 SYSTEMPATH\Database\MySQLi\Connection.php(312): mysqli->query()
 2 SYSTEMPATH\Database\BaseConnection.php(734): CodeIgniter\Database\MySQLi\Connection->execute()
 3 SYSTEMPATH\Database\BaseConnection.php(648): CodeIgniter\Database\BaseConnection->simpleQuery()
 4 SYSTEMPATH\Database\BaseBuilder.php(2340): CodeIgniter\Database\BaseConnection->query()
 5 SYSTEMPATH\Model.php(394): CodeIgniter\Database\BaseBuilder->insert()
 6 SYSTEMPATH\BaseModel.php(840): CodeIgniter\Model->doInsert()
 7 SYSTEMPATH\Model.php(802): CodeIgniter\BaseModel->insert()
 8 APPPATH\Controllers\UnggahRpsController.php(41): CodeIgniter\Model->insert()
 9 SYSTEMPATH\CodeIgniter.php(933): App\Controllers\UnggahRpsController->simpan_rps()
10 SYSTEMPATH\CodeIgniter.php(509): CodeIgniter\CodeIgniter->runController()
11 SYSTEMPATH\CodeIgniter.php(355): CodeIgniter\CodeIgniter->handleRequest()
12 SYSTEMPATH\Boot.php(325): CodeIgniter\CodeIgniter->run()
13 SYSTEMPATH\Boot.php(67): CodeIgniter\Boot::runCodeIgniter()
14 FCPATH\index.php(56): CodeIgniter\Boot::bootWeb()
15 SYSTEMPATH\rewrite.php(44): require_once('C:\\xampp\\htdocs\\ci4\\public\\index.php')
INFO - 2024-12-03 11:15:48 --> Session: Class initialized using 'CodeIgniter\Session\Handlers\FileHandler' driver.
INFO - 2024-12-03 11:15:48 --> Session: Class initialized using 'CodeIgniter\Session\Handlers\FileHandler' driver.
INFO - 2024-12-03 11:15:52 --> Session: Class initialized using 'CodeIgniter\Session\Handlers\FileHandler' driver.
ERROR - 2024-12-03 11:15:52 --> mysqli_sql_exception: Cannot add or update a child row: a foreign key constraint fails (`db_monev`.`daftar_rps`, CONSTRAINT `fk_kode_mata_kuliah_` FOREIGN KEY (`kode_mk`) REFERENCES `mata_kuliah` (`kode_mk`) ON DELETE CASCADE ON UPDATE CASCADE) in C:\xampp\htdocs\ci4\system\Database\MySQLi\Connection.php:312
Stack trace:
#0 C:\xampp\htdocs\ci4\system\Database\MySQLi\Connection.php(312): mysqli->query()
#1 C:\xampp\htdocs\ci4\system\Database\BaseConnection.php(734): CodeIgniter\Database\MySQLi\Connection->execute()
#2 C:\xampp\htdocs\ci4\system\Database\BaseConnection.php(648): CodeIgniter\Database\BaseConnection->simpleQuery()
#3 C:\xampp\htdocs\ci4\system\Database\BaseBuilder.php(2340): CodeIgniter\Database\BaseConnection->query()
#4 C:\xampp\htdocs\ci4\system\Model.php(394): CodeIgniter\Database\BaseBuilder->insert()
#5 C:\xampp\htdocs\ci4\system\BaseModel.php(840): CodeIgniter\Model->doInsert()
#6 C:\xampp\htdocs\ci4\system\Model.php(802): CodeIgniter\BaseModel->insert()
#7 C:\xampp\htdocs\ci4\app\Controllers\UnggahRpsController.php(41): CodeIgniter\Model->insert()
#8 C:\xampp\htdocs\ci4\system\CodeIgniter.php(933): App\Controllers\UnggahRpsController->simpan_rps()
#9 C:\xampp\htdocs\ci4\system\CodeIgniter.php(509): CodeIgniter\CodeIgniter->runController()
#10 C:\xampp\htdocs\ci4\system\CodeIgniter.php(355): CodeIgniter\CodeIgniter->handleRequest()
#11 C:\xampp\htdocs\ci4\system\Boot.php(325): CodeIgniter\CodeIgniter->run()
#12 C:\xampp\htdocs\ci4\system\Boot.php(67): CodeIgniter\Boot::runCodeIgniter()
#13 C:\xampp\htdocs\ci4\public\index.php(56): CodeIgniter\Boot::bootWeb()
#14 C:\xampp\htdocs\ci4\system\rewrite.php(44): require_once('...')
#15 {main}
CRITICAL - 2024-12-03 11:15:52 --> CodeIgniter\Database\Exceptions\DatabaseException: Cannot add or update a child row: a foreign key constraint fails (`db_monev`.`daftar_rps`, CONSTRAINT `fk_kode_mata_kuliah_` FOREIGN KEY (`kode_mk`) REFERENCES `mata_kuliah` (`kode_mk`) ON DELETE CASCADE ON UPDATE CASCADE)
[Method: POST, Route: dosen/simpan_rps]
in SYSTEMPATH\Database\BaseConnection.php on line 688.
 1 SYSTEMPATH\Database\BaseBuilder.php(2340): CodeIgniter\Database\BaseConnection->query()
 2 SYSTEMPATH\Model.php(394): CodeIgniter\Database\BaseBuilder->insert()
 3 SYSTEMPATH\BaseModel.php(840): CodeIgniter\Model->doInsert()
 4 SYSTEMPATH\Model.php(802): CodeIgniter\BaseModel->insert()
 5 APPPATH\Controllers\UnggahRpsController.php(41): CodeIgniter\Model->insert()
 6 SYSTEMPATH\CodeIgniter.php(933): App\Controllers\UnggahRpsController->simpan_rps()
 7 SYSTEMPATH\CodeIgniter.php(509): CodeIgniter\CodeIgniter->runController()
 8 SYSTEMPATH\CodeIgniter.php(355): CodeIgniter\CodeIgniter->handleRequest()
 9 SYSTEMPATH\Boot.php(325): CodeIgniter\CodeIgniter->run()
10 SYSTEMPATH\Boot.php(67): CodeIgniter\Boot::runCodeIgniter()
11 FCPATH\index.php(56): CodeIgniter\Boot::bootWeb()
12 SYSTEMPATH\rewrite.php(44): require_once('C:\\xampp\\htdocs\\ci4\\public\\index.php')
CRITICAL - 2024-12-03 11:15:52 --> [Caused by] CodeIgniter\Database\Exceptions\DatabaseException: Cannot add or update a child row: a foreign key constraint fails (`db_monev`.`daftar_rps`, CONSTRAINT `fk_kode_mata_kuliah_` FOREIGN KEY (`kode_mk`) REFERENCES `mata_kuliah` (`kode_mk`) ON DELETE CASCADE ON UPDATE CASCADE)
in SYSTEMPATH\Database\MySQLi\Connection.php on line 317.
 1 SYSTEMPATH\Database\BaseConnection.php(734): CodeIgniter\Database\MySQLi\Connection->execute()
 2 SYSTEMPATH\Database\BaseConnection.php(648): CodeIgniter\Database\BaseConnection->simpleQuery()
 3 SYSTEMPATH\Database\BaseBuilder.php(2340): CodeIgniter\Database\BaseConnection->query()
 4 SYSTEMPATH\Model.php(394): CodeIgniter\Database\BaseBuilder->insert()
 5 SYSTEMPATH\BaseModel.php(840): CodeIgniter\Model->doInsert()
 6 SYSTEMPATH\Model.php(802): CodeIgniter\BaseModel->insert()
 7 APPPATH\Controllers\UnggahRpsController.php(41): CodeIgniter\Model->insert()
 8 SYSTEMPATH\CodeIgniter.php(933): App\Controllers\UnggahRpsController->simpan_rps()
 9 SYSTEMPATH\CodeIgniter.php(509): CodeIgniter\CodeIgniter->runController()
10 SYSTEMPATH\CodeIgniter.php(355): CodeIgniter\CodeIgniter->handleRequest()
11 SYSTEMPATH\Boot.php(325): CodeIgniter\CodeIgniter->run()
12 SYSTEMPATH\Boot.php(67): CodeIgniter\Boot::runCodeIgniter()
13 FCPATH\index.php(56): CodeIgniter\Boot::bootWeb()
14 SYSTEMPATH\rewrite.php(44): require_once('C:\\xampp\\htdocs\\ci4\\public\\index.php')
CRITICAL - 2024-12-03 11:15:52 --> [Caused by] mysqli_sql_exception: Cannot add or update a child row: a foreign key constraint fails (`db_monev`.`daftar_rps`, CONSTRAINT `fk_kode_mata_kuliah_` FOREIGN KEY (`kode_mk`) REFERENCES `mata_kuliah` (`kode_mk`) ON DELETE CASCADE ON UPDATE CASCADE)
in SYSTEMPATH\Database\MySQLi\Connection.php on line 312.
 1 SYSTEMPATH\Database\MySQLi\Connection.php(312): mysqli->query()
 2 SYSTEMPATH\Database\BaseConnection.php(734): CodeIgniter\Database\MySQLi\Connection->execute()
 3 SYSTEMPATH\Database\BaseConnection.php(648): CodeIgniter\Database\BaseConnection->simpleQuery()
 4 SYSTEMPATH\Database\BaseBuilder.php(2340): CodeIgniter\Database\BaseConnection->query()
 5 SYSTEMPATH\Model.php(394): CodeIgniter\Database\BaseBuilder->insert()
 6 SYSTEMPATH\BaseModel.php(840): CodeIgniter\Model->doInsert()
 7 SYSTEMPATH\Model.php(802): CodeIgniter\BaseModel->insert()
 8 APPPATH\Controllers\UnggahRpsController.php(41): CodeIgniter\Model->insert()
 9 SYSTEMPATH\CodeIgniter.php(933): App\Controllers\UnggahRpsController->simpan_rps()
10 SYSTEMPATH\CodeIgniter.php(509): CodeIgniter\CodeIgniter->runController()
11 SYSTEMPATH\CodeIgniter.php(355): CodeIgniter\CodeIgniter->handleRequest()
12 SYSTEMPATH\Boot.php(325): CodeIgniter\CodeIgniter->run()
13 SYSTEMPATH\Boot.php(67): CodeIgniter\Boot::runCodeIgniter()
14 FCPATH\index.php(56): CodeIgniter\Boot::bootWeb()
15 SYSTEMPATH\rewrite.php(44): require_once('C:\\xampp\\htdocs\\ci4\\public\\index.php')
INFO - 2024-12-03 11:21:49 --> Session: Class initialized using 'CodeIgniter\Session\Handlers\FileHandler' driver.
INFO - 2024-12-03 11:21:53 --> Session: Class initialized using 'CodeIgniter\Session\Handlers\FileHandler' driver.
INFO - 2024-12-03 11:21:56 --> Session: Class initialized using 'CodeIgniter\Session\Handlers\FileHandler' driver.
CRITICAL - 2024-12-03 11:21:56 --> CodeIgniter\Validation\Exceptions\ValidationException: "exists" is not a valid rule.
[Method: POST, Route: dosen/simpan_rps]
in SYSTEMPATH\Validation\Validation.php on line 348.
 1 SYSTEMPATH\Validation\Validation.php(348): CodeIgniter\Validation\Exceptions\ValidationException::forRuleNotFound()
 2 SYSTEMPATH\Validation\Validation.php(204): CodeIgniter\Validation\Validation->processRules()
 3 APPPATH\Controllers\UnggahRpsController.php(29): CodeIgniter\Validation\Validation->run()
 4 SYSTEMPATH\CodeIgniter.php(933): App\Controllers\UnggahRpsController->simpan_rps()
 5 SYSTEMPATH\CodeIgniter.php(509): CodeIgniter\CodeIgniter->runController()
 6 SYSTEMPATH\CodeIgniter.php(355): CodeIgniter\CodeIgniter->handleRequest()
 7 SYSTEMPATH\Boot.php(325): CodeIgniter\CodeIgniter->run()
 8 SYSTEMPATH\Boot.php(67): CodeIgniter\Boot::runCodeIgniter()
 9 FCPATH\index.php(56): CodeIgniter\Boot::bootWeb()
10 SYSTEMPATH\rewrite.php(44): require_once('C:\\xampp\\htdocs\\ci4\\public\\index.php')
INFO - 2024-12-03 11:22:45 --> Session: Class initialized using 'CodeIgniter\Session\Handlers\FileHandler' driver.
INFO - 2024-12-03 11:22:46 --> Session: Class initialized using 'CodeIgniter\Session\Handlers\FileHandler' driver.
INFO - 2024-12-03 11:22:49 --> Session: Class initialized using 'CodeIgniter\Session\Handlers\FileHandler' driver.
ERROR - 2024-12-03 11:22:49 --> mysqli_sql_exception: Cannot add or update a child row: a foreign key constraint fails (`db_monev`.`daftar_rps`, CONSTRAINT `fk_kode_mata_kuliah_` FOREIGN KEY (`kode_mk`) REFERENCES `mata_kuliah` (`kode_mk`) ON DELETE CASCADE ON UPDATE CASCADE) in C:\xampp\htdocs\ci4\system\Database\MySQLi\Connection.php:312
Stack trace:
#0 C:\xampp\htdocs\ci4\system\Database\MySQLi\Connection.php(312): mysqli->query()
#1 C:\xampp\htdocs\ci4\system\Database\BaseConnection.php(734): CodeIgniter\Database\MySQLi\Connection->execute()
#2 C:\xampp\htdocs\ci4\system\Database\BaseConnection.php(648): CodeIgniter\Database\BaseConnection->simpleQuery()
#3 C:\xampp\htdocs\ci4\system\Database\BaseBuilder.php(2340): CodeIgniter\Database\BaseConnection->query()
#4 C:\xampp\htdocs\ci4\system\Model.php(394): CodeIgniter\Database\BaseBuilder->insert()
#5 C:\xampp\htdocs\ci4\system\BaseModel.php(840): CodeIgniter\Model->doInsert()
#6 C:\xampp\htdocs\ci4\system\Model.php(802): CodeIgniter\BaseModel->insert()
#7 C:\xampp\htdocs\ci4\app\Controllers\UnggahRpsController.php(52): CodeIgniter\Model->insert()
#8 C:\xampp\htdocs\ci4\system\CodeIgniter.php(933): App\Controllers\UnggahRpsController->simpan_rps()
#9 C:\xampp\htdocs\ci4\system\CodeIgniter.php(509): CodeIgniter\CodeIgniter->runController()
#10 C:\xampp\htdocs\ci4\system\CodeIgniter.php(355): CodeIgniter\CodeIgniter->handleRequest()
#11 C:\xampp\htdocs\ci4\system\Boot.php(325): CodeIgniter\CodeIgniter->run()
#12 C:\xampp\htdocs\ci4\system\Boot.php(67): CodeIgniter\Boot::runCodeIgniter()
#13 C:\xampp\htdocs\ci4\public\index.php(56): CodeIgniter\Boot::bootWeb()
#14 C:\xampp\htdocs\ci4\system\rewrite.php(44): require_once('...')
#15 {main}
CRITICAL - 2024-12-03 11:22:49 --> CodeIgniter\Database\Exceptions\DatabaseException: Cannot add or update a child row: a foreign key constraint fails (`db_monev`.`daftar_rps`, CONSTRAINT `fk_kode_mata_kuliah_` FOREIGN KEY (`kode_mk`) REFERENCES `mata_kuliah` (`kode_mk`) ON DELETE CASCADE ON UPDATE CASCADE)
[Method: POST, Route: dosen/simpan_rps]
in SYSTEMPATH\Database\BaseConnection.php on line 688.
 1 SYSTEMPATH\Database\BaseBuilder.php(2340): CodeIgniter\Database\BaseConnection->query()
 2 SYSTEMPATH\Model.php(394): CodeIgniter\Database\BaseBuilder->insert()
 3 SYSTEMPATH\BaseModel.php(840): CodeIgniter\Model->doInsert()
 4 SYSTEMPATH\Model.php(802): CodeIgniter\BaseModel->insert()
 5 APPPATH\Controllers\UnggahRpsController.php(52): CodeIgniter\Model->insert()
 6 SYSTEMPATH\CodeIgniter.php(933): App\Controllers\UnggahRpsController->simpan_rps()
 7 SYSTEMPATH\CodeIgniter.php(509): CodeIgniter\CodeIgniter->runController()
 8 SYSTEMPATH\CodeIgniter.php(355): CodeIgniter\CodeIgniter->handleRequest()
 9 SYSTEMPATH\Boot.php(325): CodeIgniter\CodeIgniter->run()
10 SYSTEMPATH\Boot.php(67): CodeIgniter\Boot::runCodeIgniter()
11 FCPATH\index.php(56): CodeIgniter\Boot::bootWeb()
12 SYSTEMPATH\rewrite.php(44): require_once('C:\\xampp\\htdocs\\ci4\\public\\index.php')
CRITICAL - 2024-12-03 11:22:49 --> [Caused by] CodeIgniter\Database\Exceptions\DatabaseException: Cannot add or update a child row: a foreign key constraint fails (`db_monev`.`daftar_rps`, CONSTRAINT `fk_kode_mata_kuliah_` FOREIGN KEY (`kode_mk`) REFERENCES `mata_kuliah` (`kode_mk`) ON DELETE CASCADE ON UPDATE CASCADE)
in SYSTEMPATH\Database\MySQLi\Connection.php on line 317.
 1 SYSTEMPATH\Database\BaseConnection.php(734): CodeIgniter\Database\MySQLi\Connection->execute()
 2 SYSTEMPATH\Database\BaseConnection.php(648): CodeIgniter\Database\BaseConnection->simpleQuery()
 3 SYSTEMPATH\Database\BaseBuilder.php(2340): CodeIgniter\Database\BaseConnection->query()
 4 SYSTEMPATH\Model.php(394): CodeIgniter\Database\BaseBuilder->insert()
 5 SYSTEMPATH\BaseModel.php(840): CodeIgniter\Model->doInsert()
 6 SYSTEMPATH\Model.php(802): CodeIgniter\BaseModel->insert()
 7 APPPATH\Controllers\UnggahRpsController.php(52): CodeIgniter\Model->insert()
 8 SYSTEMPATH\CodeIgniter.php(933): App\Controllers\UnggahRpsController->simpan_rps()
 9 SYSTEMPATH\CodeIgniter.php(509): CodeIgniter\CodeIgniter->runController()
10 SYSTEMPATH\CodeIgniter.php(355): CodeIgniter\CodeIgniter->handleRequest()
11 SYSTEMPATH\Boot.php(325): CodeIgniter\CodeIgniter->run()
12 SYSTEMPATH\Boot.php(67): CodeIgniter\Boot::runCodeIgniter()
13 FCPATH\index.php(56): CodeIgniter\Boot::bootWeb()
14 SYSTEMPATH\rewrite.php(44): require_once('C:\\xampp\\htdocs\\ci4\\public\\index.php')
CRITICAL - 2024-12-03 11:22:49 --> [Caused by] mysqli_sql_exception: Cannot add or update a child row: a foreign key constraint fails (`db_monev`.`daftar_rps`, CONSTRAINT `fk_kode_mata_kuliah_` FOREIGN KEY (`kode_mk`) REFERENCES `mata_kuliah` (`kode_mk`) ON DELETE CASCADE ON UPDATE CASCADE)
in SYSTEMPATH\Database\MySQLi\Connection.php on line 312.
 1 SYSTEMPATH\Database\MySQLi\Connection.php(312): mysqli->query()
 2 SYSTEMPATH\Database\BaseConnection.php(734): CodeIgniter\Database\MySQLi\Connection->execute()
 3 SYSTEMPATH\Database\BaseConnection.php(648): CodeIgniter\Database\BaseConnection->simpleQuery()
 4 SYSTEMPATH\Database\BaseBuilder.php(2340): CodeIgniter\Database\BaseConnection->query()
 5 SYSTEMPATH\Model.php(394): CodeIgniter\Database\BaseBuilder->insert()
 6 SYSTEMPATH\BaseModel.php(840): CodeIgniter\Model->doInsert()
 7 SYSTEMPATH\Model.php(802): CodeIgniter\BaseModel->insert()
 8 APPPATH\Controllers\UnggahRpsController.php(52): CodeIgniter\Model->insert()
 9 SYSTEMPATH\CodeIgniter.php(933): App\Controllers\UnggahRpsController->simpan_rps()
10 SYSTEMPATH\CodeIgniter.php(509): CodeIgniter\CodeIgniter->runController()
11 SYSTEMPATH\CodeIgniter.php(355): CodeIgniter\CodeIgniter->handleRequest()
12 SYSTEMPATH\Boot.php(325): CodeIgniter\CodeIgniter->run()
13 SYSTEMPATH\Boot.php(67): CodeIgniter\Boot::runCodeIgniter()
14 FCPATH\index.php(56): CodeIgniter\Boot::bootWeb()
15 SYSTEMPATH\rewrite.php(44): require_once('C:\\xampp\\htdocs\\ci4\\public\\index.php')
INFO - 2024-12-03 11:29:09 --> Session: Class initialized using 'CodeIgniter\Session\Handlers\FileHandler' driver.
INFO - 2024-12-03 11:32:32 --> Session: Class initialized using 'CodeIgniter\Session\Handlers\FileHandler' driver.
INFO - 2024-12-03 11:32:35 --> Session: Class initialized using 'CodeIgniter\Session\Handlers\FileHandler' driver.
ERROR - 2024-12-03 11:32:35 --> mysqli_sql_exception: Cannot add or update a child row: a foreign key constraint fails (`db_monev`.`daftar_rps`, CONSTRAINT `fk_kode_mata_kuliah_` FOREIGN KEY (`kode_mk`) REFERENCES `mata_kuliah` (`kode_mk`) ON DELETE CASCADE ON UPDATE CASCADE) in C:\xampp\htdocs\ci4\system\Database\MySQLi\Connection.php:312
Stack trace:
#0 C:\xampp\htdocs\ci4\system\Database\MySQLi\Connection.php(312): mysqli->query()
#1 C:\xampp\htdocs\ci4\system\Database\BaseConnection.php(734): CodeIgniter\Database\MySQLi\Connection->execute()
#2 C:\xampp\htdocs\ci4\system\Database\BaseConnection.php(648): CodeIgniter\Database\BaseConnection->simpleQuery()
#3 C:\xampp\htdocs\ci4\system\Database\BaseBuilder.php(2340): CodeIgniter\Database\BaseConnection->query()
#4 C:\xampp\htdocs\ci4\system\Model.php(394): CodeIgniter\Database\BaseBuilder->insert()
#5 C:\xampp\htdocs\ci4\system\BaseModel.php(840): CodeIgniter\Model->doInsert()
#6 C:\xampp\htdocs\ci4\system\Model.php(802): CodeIgniter\BaseModel->insert()
#7 C:\xampp\htdocs\ci4\system\BaseModel.php(751): CodeIgniter\Model->insert()
#8 C:\xampp\htdocs\ci4\app\Controllers\UnggahRpsController.php(42): CodeIgniter\BaseModel->save()
#9 C:\xampp\htdocs\ci4\system\CodeIgniter.php(933): App\Controllers\UnggahRpsController->simpan_rps()
#10 C:\xampp\htdocs\ci4\system\CodeIgniter.php(509): CodeIgniter\CodeIgniter->runController()
#11 C:\xampp\htdocs\ci4\system\CodeIgniter.php(355): CodeIgniter\CodeIgniter->handleRequest()
#12 C:\xampp\htdocs\ci4\system\Boot.php(325): CodeIgniter\CodeIgniter->run()
#13 C:\xampp\htdocs\ci4\system\Boot.php(67): CodeIgniter\Boot::runCodeIgniter()
#14 C:\xampp\htdocs\ci4\public\index.php(56): CodeIgniter\Boot::bootWeb()
#15 C:\xampp\htdocs\ci4\system\rewrite.php(44): require_once('...')
#16 {main}
CRITICAL - 2024-12-03 11:32:35 --> CodeIgniter\Database\Exceptions\DatabaseException: Cannot add or update a child row: a foreign key constraint fails (`db_monev`.`daftar_rps`, CONSTRAINT `fk_kode_mata_kuliah_` FOREIGN KEY (`kode_mk`) REFERENCES `mata_kuliah` (`kode_mk`) ON DELETE CASCADE ON UPDATE CASCADE)
[Method: POST, Route: dosen/simpan_rps]
in SYSTEMPATH\Database\BaseConnection.php on line 688.
 1 SYSTEMPATH\Database\BaseBuilder.php(2340): CodeIgniter\Database\BaseConnection->query()
 2 SYSTEMPATH\Model.php(394): CodeIgniter\Database\BaseBuilder->insert()
 3 SYSTEMPATH\BaseModel.php(840): CodeIgniter\Model->doInsert()
 4 SYSTEMPATH\Model.php(802): CodeIgniter\BaseModel->insert()
 5 SYSTEMPATH\BaseModel.php(751): CodeIgniter\Model->insert()
 6 APPPATH\Controllers\UnggahRpsController.php(42): CodeIgniter\BaseModel->save()
 7 SYSTEMPATH\CodeIgniter.php(933): App\Controllers\UnggahRpsController->simpan_rps()
 8 SYSTEMPATH\CodeIgniter.php(509): CodeIgniter\CodeIgniter->runController()
 9 SYSTEMPATH\CodeIgniter.php(355): CodeIgniter\CodeIgniter->handleRequest()
10 SYSTEMPATH\Boot.php(325): CodeIgniter\CodeIgniter->run()
11 SYSTEMPATH\Boot.php(67): CodeIgniter\Boot::runCodeIgniter()
12 FCPATH\index.php(56): CodeIgniter\Boot::bootWeb()
13 SYSTEMPATH\rewrite.php(44): require_once('C:\\xampp\\htdocs\\ci4\\public\\index.php')
CRITICAL - 2024-12-03 11:32:35 --> [Caused by] CodeIgniter\Database\Exceptions\DatabaseException: Cannot add or update a child row: a foreign key constraint fails (`db_monev`.`daftar_rps`, CONSTRAINT `fk_kode_mata_kuliah_` FOREIGN KEY (`kode_mk`) REFERENCES `mata_kuliah` (`kode_mk`) ON DELETE CASCADE ON UPDATE CASCADE)
in SYSTEMPATH\Database\MySQLi\Connection.php on line 317.
 1 SYSTEMPATH\Database\BaseConnection.php(734): CodeIgniter\Database\MySQLi\Connection->execute()
 2 SYSTEMPATH\Database\BaseConnection.php(648): CodeIgniter\Database\BaseConnection->simpleQuery()
 3 SYSTEMPATH\Database\BaseBuilder.php(2340): CodeIgniter\Database\BaseConnection->query()
 4 SYSTEMPATH\Model.php(394): CodeIgniter\Database\BaseBuilder->insert()
 5 SYSTEMPATH\BaseModel.php(840): CodeIgniter\Model->doInsert()
 6 SYSTEMPATH\Model.php(802): CodeIgniter\BaseModel->insert()
 7 SYSTEMPATH\BaseModel.php(751): CodeIgniter\Model->insert()
 8 APPPATH\Controllers\UnggahRpsController.php(42): CodeIgniter\BaseModel->save()
 9 SYSTEMPATH\CodeIgniter.php(933): App\Controllers\UnggahRpsController->simpan_rps()
10 SYSTEMPATH\CodeIgniter.php(509): CodeIgniter\CodeIgniter->runController()
11 SYSTEMPATH\CodeIgniter.php(355): CodeIgniter\CodeIgniter->handleRequest()
12 SYSTEMPATH\Boot.php(325): CodeIgniter\CodeIgniter->run()
13 SYSTEMPATH\Boot.php(67): CodeIgniter\Boot::runCodeIgniter()
14 FCPATH\index.php(56): CodeIgniter\Boot::bootWeb()
15 SYSTEMPATH\rewrite.php(44): require_once('C:\\xampp\\htdocs\\ci4\\public\\index.php')
CRITICAL - 2024-12-03 11:32:35 --> [Caused by] mysqli_sql_exception: Cannot add or update a child row: a foreign key constraint fails (`db_monev`.`daftar_rps`, CONSTRAINT `fk_kode_mata_kuliah_` FOREIGN KEY (`kode_mk`) REFERENCES `mata_kuliah` (`kode_mk`) ON DELETE CASCADE ON UPDATE CASCADE)
in SYSTEMPATH\Database\MySQLi\Connection.php on line 312.
 1 SYSTEMPATH\Database\MySQLi\Connection.php(312): mysqli->query()
 2 SYSTEMPATH\Database\BaseConnection.php(734): CodeIgniter\Database\MySQLi\Connection->execute()
 3 SYSTEMPATH\Database\BaseConnection.php(648): CodeIgniter\Database\BaseConnection->simpleQuery()
 4 SYSTEMPATH\Database\BaseBuilder.php(2340): CodeIgniter\Database\BaseConnection->query()
 5 SYSTEMPATH\Model.php(394): CodeIgniter\Database\BaseBuilder->insert()
 6 SYSTEMPATH\BaseModel.php(840): CodeIgniter\Model->doInsert()
 7 SYSTEMPATH\Model.php(802): CodeIgniter\BaseModel->insert()
 8 SYSTEMPATH\BaseModel.php(751): CodeIgniter\Model->insert()
 9 APPPATH\Controllers\UnggahRpsController.php(42): CodeIgniter\BaseModel->save()
10 SYSTEMPATH\CodeIgniter.php(933): App\Controllers\UnggahRpsController->simpan_rps()
11 SYSTEMPATH\CodeIgniter.php(509): CodeIgniter\CodeIgniter->runController()
12 SYSTEMPATH\CodeIgniter.php(355): CodeIgniter\CodeIgniter->handleRequest()
13 SYSTEMPATH\Boot.php(325): CodeIgniter\CodeIgniter->run()
14 SYSTEMPATH\Boot.php(67): CodeIgniter\Boot::runCodeIgniter()
15 FCPATH\index.php(56): CodeIgniter\Boot::bootWeb()
16 SYSTEMPATH\rewrite.php(44): require_once('C:\\xampp\\htdocs\\ci4\\public\\index.php')
INFO - 2024-12-03 11:32:45 --> Session: Class initialized using 'CodeIgniter\Session\Handlers\FileHandler' driver.
INFO - 2024-12-03 11:32:55 --> Session: Class initialized using 'CodeIgniter\Session\Handlers\FileHandler' driver.
ERROR - 2024-12-03 11:32:55 --> mysqli_sql_exception: Cannot add or update a child row: a foreign key constraint fails (`db_monev`.`daftar_rps`, CONSTRAINT `fk_kode_mata_kuliah_` FOREIGN KEY (`kode_mk`) REFERENCES `mata_kuliah` (`kode_mk`) ON DELETE CASCADE ON UPDATE CASCADE) in C:\xampp\htdocs\ci4\system\Database\MySQLi\Connection.php:312
Stack trace:
#0 C:\xampp\htdocs\ci4\system\Database\MySQLi\Connection.php(312): mysqli->query()
#1 C:\xampp\htdocs\ci4\system\Database\BaseConnection.php(734): CodeIgniter\Database\MySQLi\Connection->execute()
#2 C:\xampp\htdocs\ci4\system\Database\BaseConnection.php(648): CodeIgniter\Database\BaseConnection->simpleQuery()
#3 C:\xampp\htdocs\ci4\system\Database\BaseBuilder.php(2340): CodeIgniter\Database\BaseConnection->query()
#4 C:\xampp\htdocs\ci4\system\Model.php(394): CodeIgniter\Database\BaseBuilder->insert()
#5 C:\xampp\htdocs\ci4\system\BaseModel.php(840): CodeIgniter\Model->doInsert()
#6 C:\xampp\htdocs\ci4\system\Model.php(802): CodeIgniter\BaseModel->insert()
#7 C:\xampp\htdocs\ci4\system\BaseModel.php(751): CodeIgniter\Model->insert()
#8 C:\xampp\htdocs\ci4\app\Controllers\UnggahRpsController.php(42): CodeIgniter\BaseModel->save()
#9 C:\xampp\htdocs\ci4\system\CodeIgniter.php(933): App\Controllers\UnggahRpsController->simpan_rps()
#10 C:\xampp\htdocs\ci4\system\CodeIgniter.php(509): CodeIgniter\CodeIgniter->runController()
#11 C:\xampp\htdocs\ci4\system\CodeIgniter.php(355): CodeIgniter\CodeIgniter->handleRequest()
#12 C:\xampp\htdocs\ci4\system\Boot.php(325): CodeIgniter\CodeIgniter->run()
#13 C:\xampp\htdocs\ci4\system\Boot.php(67): CodeIgniter\Boot::runCodeIgniter()
#14 C:\xampp\htdocs\ci4\public\index.php(56): CodeIgniter\Boot::bootWeb()
#15 C:\xampp\htdocs\ci4\system\rewrite.php(44): require_once('...')
#16 {main}
CRITICAL - 2024-12-03 11:32:55 --> CodeIgniter\Database\Exceptions\DatabaseException: Cannot add or update a child row: a foreign key constraint fails (`db_monev`.`daftar_rps`, CONSTRAINT `fk_kode_mata_kuliah_` FOREIGN KEY (`kode_mk`) REFERENCES `mata_kuliah` (`kode_mk`) ON DELETE CASCADE ON UPDATE CASCADE)
[Method: POST, Route: dosen/simpan_rps]
in SYSTEMPATH\Database\BaseConnection.php on line 688.
 1 SYSTEMPATH\Database\BaseBuilder.php(2340): CodeIgniter\Database\BaseConnection->query()
 2 SYSTEMPATH\Model.php(394): CodeIgniter\Database\BaseBuilder->insert()
 3 SYSTEMPATH\BaseModel.php(840): CodeIgniter\Model->doInsert()
 4 SYSTEMPATH\Model.php(802): CodeIgniter\BaseModel->insert()
 5 SYSTEMPATH\BaseModel.php(751): CodeIgniter\Model->insert()
 6 APPPATH\Controllers\UnggahRpsController.php(42): CodeIgniter\BaseModel->save()
 7 SYSTEMPATH\CodeIgniter.php(933): App\Controllers\UnggahRpsController->simpan_rps()
 8 SYSTEMPATH\CodeIgniter.php(509): CodeIgniter\CodeIgniter->runController()
 9 SYSTEMPATH\CodeIgniter.php(355): CodeIgniter\CodeIgniter->handleRequest()
10 SYSTEMPATH\Boot.php(325): CodeIgniter\CodeIgniter->run()
11 SYSTEMPATH\Boot.php(67): CodeIgniter\Boot::runCodeIgniter()
12 FCPATH\index.php(56): CodeIgniter\Boot::bootWeb()
13 SYSTEMPATH\rewrite.php(44): require_once('C:\\xampp\\htdocs\\ci4\\public\\index.php')
CRITICAL - 2024-12-03 11:32:55 --> [Caused by] CodeIgniter\Database\Exceptions\DatabaseException: Cannot add or update a child row: a foreign key constraint fails (`db_monev`.`daftar_rps`, CONSTRAINT `fk_kode_mata_kuliah_` FOREIGN KEY (`kode_mk`) REFERENCES `mata_kuliah` (`kode_mk`) ON DELETE CASCADE ON UPDATE CASCADE)
in SYSTEMPATH\Database\MySQLi\Connection.php on line 317.
 1 SYSTEMPATH\Database\BaseConnection.php(734): CodeIgniter\Database\MySQLi\Connection->execute()
 2 SYSTEMPATH\Database\BaseConnection.php(648): CodeIgniter\Database\BaseConnection->simpleQuery()
 3 SYSTEMPATH\Database\BaseBuilder.php(2340): CodeIgniter\Database\BaseConnection->query()
 4 SYSTEMPATH\Model.php(394): CodeIgniter\Database\BaseBuilder->insert()
 5 SYSTEMPATH\BaseModel.php(840): CodeIgniter\Model->doInsert()
 6 SYSTEMPATH\Model.php(802): CodeIgniter\BaseModel->insert()
 7 SYSTEMPATH\BaseModel.php(751): CodeIgniter\Model->insert()
 8 APPPATH\Controllers\UnggahRpsController.php(42): CodeIgniter\BaseModel->save()
 9 SYSTEMPATH\CodeIgniter.php(933): App\Controllers\UnggahRpsController->simpan_rps()
10 SYSTEMPATH\CodeIgniter.php(509): CodeIgniter\CodeIgniter->runController()
11 SYSTEMPATH\CodeIgniter.php(355): CodeIgniter\CodeIgniter->handleRequest()
12 SYSTEMPATH\Boot.php(325): CodeIgniter\CodeIgniter->run()
13 SYSTEMPATH\Boot.php(67): CodeIgniter\Boot::runCodeIgniter()
14 FCPATH\index.php(56): CodeIgniter\Boot::bootWeb()
15 SYSTEMPATH\rewrite.php(44): require_once('C:\\xampp\\htdocs\\ci4\\public\\index.php')
CRITICAL - 2024-12-03 11:32:55 --> [Caused by] mysqli_sql_exception: Cannot add or update a child row: a foreign key constraint fails (`db_monev`.`daftar_rps`, CONSTRAINT `fk_kode_mata_kuliah_` FOREIGN KEY (`kode_mk`) REFERENCES `mata_kuliah` (`kode_mk`) ON DELETE CASCADE ON UPDATE CASCADE)
in SYSTEMPATH\Database\MySQLi\Connection.php on line 312.
 1 SYSTEMPATH\Database\MySQLi\Connection.php(312): mysqli->query()
 2 SYSTEMPATH\Database\BaseConnection.php(734): CodeIgniter\Database\MySQLi\Connection->execute()
 3 SYSTEMPATH\Database\BaseConnection.php(648): CodeIgniter\Database\BaseConnection->simpleQuery()
 4 SYSTEMPATH\Database\BaseBuilder.php(2340): CodeIgniter\Database\BaseConnection->query()
 5 SYSTEMPATH\Model.php(394): CodeIgniter\Database\BaseBuilder->insert()
 6 SYSTEMPATH\BaseModel.php(840): CodeIgniter\Model->doInsert()
 7 SYSTEMPATH\Model.php(802): CodeIgniter\BaseModel->insert()
 8 SYSTEMPATH\BaseModel.php(751): CodeIgniter\Model->insert()
 9 APPPATH\Controllers\UnggahRpsController.php(42): CodeIgniter\BaseModel->save()
10 SYSTEMPATH\CodeIgniter.php(933): App\Controllers\UnggahRpsController->simpan_rps()
11 SYSTEMPATH\CodeIgniter.php(509): CodeIgniter\CodeIgniter->runController()
12 SYSTEMPATH\CodeIgniter.php(355): CodeIgniter\CodeIgniter->handleRequest()
13 SYSTEMPATH\Boot.php(325): CodeIgniter\CodeIgniter->run()
14 SYSTEMPATH\Boot.php(67): CodeIgniter\Boot::runCodeIgniter()
15 FCPATH\index.php(56): CodeIgniter\Boot::bootWeb()
16 SYSTEMPATH\rewrite.php(44): require_once('C:\\xampp\\htdocs\\ci4\\public\\index.php')
INFO - 2024-12-03 11:43:15 --> Session: Class initialized using 'CodeIgniter\Session\Handlers\FileHandler' driver.
INFO - 2024-12-03 11:43:16 --> Session: Class initialized using 'CodeIgniter\Session\Handlers\FileHandler' driver.
INFO - 2024-12-03 11:43:17 --> Session: Class initialized using 'CodeIgniter\Session\Handlers\FileHandler' driver.
INFO - 2024-12-03 11:43:18 --> Session: Class initialized using 'CodeIgniter\Session\Handlers\FileHandler' driver.
INFO - 2024-12-03 11:43:22 --> Session: Class initialized using 'CodeIgniter\Session\Handlers\FileHandler' driver.
INFO - 2024-12-03 11:43:23 --> Session: Class initialized using 'CodeIgniter\Session\Handlers\FileHandler' driver.
INFO - 2024-12-03 11:43:32 --> Session: Class initialized using 'CodeIgniter\Session\Handlers\FileHandler' driver.
INFO - 2024-12-03 11:44:00 --> Session: Class initialized using 'CodeIgniter\Session\Handlers\FileHandler' driver.
INFO - 2024-12-03 11:44:00 --> Session: Class initialized using 'CodeIgniter\Session\Handlers\FileHandler' driver.
INFO - 2024-12-03 11:47:11 --> Session: Class initialized using 'CodeIgniter\Session\Handlers\FileHandler' driver.
INFO - 2024-12-03 11:47:13 --> Session: Class initialized using 'CodeIgniter\Session\Handlers\FileHandler' driver.
INFO - 2024-12-03 11:47:14 --> Session: Class initialized using 'CodeIgniter\Session\Handlers\FileHandler' driver.
INFO - 2024-12-03 11:47:15 --> Session: Class initialized using 'CodeIgniter\Session\Handlers\FileHandler' driver.
INFO - 2024-12-03 11:47:23 --> Session: Class initialized using 'CodeIgniter\Session\Handlers\FileHandler' driver.
INFO - 2024-12-03 11:47:27 --> Session: Class initialized using 'CodeIgniter\Session\Handlers\FileHandler' driver.
INFO - 2024-12-03 11:47:27 --> Session: Class initialized using 'CodeIgniter\Session\Handlers\FileHandler' driver.
INFO - 2024-12-03 11:47:33 --> Session: Class initialized using 'CodeIgniter\Session\Handlers\FileHandler' driver.
INFO - 2024-12-03 11:47:33 --> Session: Class initialized using 'CodeIgniter\Session\Handlers\FileHandler' driver.
INFO - 2024-12-03 11:47:37 --> Session: Class initialized using 'CodeIgniter\Session\Handlers\FileHandler' driver.
INFO - 2024-12-03 11:47:37 --> Session: Class initialized using 'CodeIgniter\Session\Handlers\FileHandler' driver.
INFO - 2024-12-03 11:47:51 --> Session: Class initialized using 'CodeIgniter\Session\Handlers\FileHandler' driver.
INFO - 2024-12-03 11:47:51 --> Session: Class initialized using 'CodeIgniter\Session\Handlers\FileHandler' driver.
INFO - 2024-12-03 11:48:01 --> Session: Class initialized using 'CodeIgniter\Session\Handlers\FileHandler' driver.
INFO - 2024-12-03 11:48:01 --> Session: Class initialized using 'CodeIgniter\Session\Handlers\FileHandler' driver.
INFO - 2024-12-03 11:48:04 --> Session: Class initialized using 'CodeIgniter\Session\Handlers\FileHandler' driver.
INFO - 2024-12-03 11:48:04 --> Session: Class initialized using 'CodeIgniter\Session\Handlers\FileHandler' driver.
INFO - 2024-12-03 11:58:57 --> Session: Class initialized using 'CodeIgniter\Session\Handlers\FileHandler' driver.
INFO - 2024-12-03 11:58:59 --> Session: Class initialized using 'CodeIgniter\Session\Handlers\FileHandler' driver.
INFO - 2024-12-03 11:59:01 --> Session: Class initialized using 'CodeIgniter\Session\Handlers\FileHandler' driver.
INFO - 2024-12-03 11:59:09 --> Session: Class initialized using 'CodeIgniter\Session\Handlers\FileHandler' driver.
INFO - 2024-12-03 11:59:15 --> Session: Class initialized using 'CodeIgniter\Session\Handlers\FileHandler' driver.
DEBUG - 2024-12-03 11:59:15 --> -------- Mulai Proses Simpan RPS --------
DEBUG - 2024-12-03 11:59:15 --> POST Data: {"csrf_test_name":"b7b8c1a9049c84dc35687a924b32a7c2","user_id":"7","mataKuliah":"PENGANTAR TEKNOLOGI INFORMASI","kode_mk":"FST12001","nama_jurusan":"1","jurusan_id":"","tahun_ajaran":"2024\/2025","semester":"Ganjil","kelas":"12","link_rps":"https:\/\/docs.google.com\/document\/d\/1-neYBih6WBxiXhdG-Ooo_eCS9TqRSBFB\/edit?usp=drive_link&ouid=115892866959518709254&rtpof=true&sd=true"}
ERROR - 2024-12-03 11:59:15 --> Validation Errors: {"jurusan_id":"The jurusan_id field is required."}
INFO - 2024-12-03 11:59:15 --> Session: Class initialized using 'CodeIgniter\Session\Handlers\FileHandler' driver.
INFO - 2024-12-03 12:00:56 --> Session: Class initialized using 'CodeIgniter\Session\Handlers\FileHandler' driver.
INFO - 2024-12-03 12:00:58 --> Session: Class initialized using 'CodeIgniter\Session\Handlers\FileHandler' driver.
INFO - 2024-12-03 12:01:12 --> Session: Class initialized using 'CodeIgniter\Session\Handlers\FileHandler' driver.
INFO - 2024-12-03 12:01:15 --> Session: Class initialized using 'CodeIgniter\Session\Handlers\FileHandler' driver.
DEBUG - 2024-12-03 12:01:15 --> -------- Mulai Proses Simpan RPS --------
DEBUG - 2024-12-03 12:01:15 --> POST Data: {"csrf_test_name":"b7b8c1a9049c84dc35687a924b32a7c2","user_id":"7","mataKuliah":"PENGANTAR TEKNOLOGI INFORMASI","kode_mk":"FST12001","nama_jurusan":"1","jurusan_id":"","tahun_ajaran":"2024\/2025","semester":"Ganjil","kelas":"12","link_rps":"https:\/\/docs.google.com\/document\/d\/1-neYBih6WBxiXhdG-Ooo_eCS9TqRSBFB\/edit?usp=drive_link&ouid=115892866959518709254&rtpof=true&sd=true"}
ERROR - 2024-12-03 12:01:15 --> Validation Errors: {"jurusan_id":"The jurusan_id field is required."}
INFO - 2024-12-03 12:01:15 --> Session: Class initialized using 'CodeIgniter\Session\Handlers\FileHandler' driver.
INFO - 2024-12-03 12:01:21 --> Session: Class initialized using 'CodeIgniter\Session\Handlers\FileHandler' driver.
DEBUG - 2024-12-03 12:01:21 --> -------- Mulai Proses Simpan RPS --------
DEBUG - 2024-12-03 12:01:21 --> POST Data: {"csrf_test_name":"b7b8c1a9049c84dc35687a924b32a7c2","user_id":"7","mataKuliah":"PENGANTAR TEKNOLOGI INFORMASI","kode_mk":"FST12001","nama_jurusan":"1","jurusan_id":"","tahun_ajaran":"2024\/2025","semester":"Ganjil","kelas":"12","link_rps":"https:\/\/docs.google.com\/document\/d\/1-neYBih6WBxiXhdG-Ooo_eCS9TqRSBFB\/edit?usp=drive_link&ouid=115892866959518709254&rtpof=true&sd=true"}
ERROR - 2024-12-03 12:01:21 --> Validation Errors: {"jurusan_id":"The jurusan_id field is required."}
INFO - 2024-12-03 12:01:21 --> Session: Class initialized using 'CodeIgniter\Session\Handlers\FileHandler' driver.
INFO - 2024-12-03 12:01:58 --> Session: Class initialized using 'CodeIgniter\Session\Handlers\FileHandler' driver.
INFO - 2024-12-03 12:04:13 --> Session: Class initialized using 'CodeIgniter\Session\Handlers\FileHandler' driver.
INFO - 2024-12-03 12:04:14 --> Session: Class initialized using 'CodeIgniter\Session\Handlers\FileHandler' driver.
INFO - 2024-12-03 12:04:19 --> Session: Class initialized using 'CodeIgniter\Session\Handlers\FileHandler' driver.
INFO - 2024-12-03 12:04:21 --> Session: Class initialized using 'CodeIgniter\Session\Handlers\FileHandler' driver.
INFO - 2024-12-03 12:05:00 --> Session: Class initialized using 'CodeIgniter\Session\Handlers\FileHandler' driver.
INFO - 2024-12-03 12:05:00 --> Session: Class initialized using 'CodeIgniter\Session\Handlers\FileHandler' driver.
INFO - 2024-12-03 12:05:00 --> Session: Class initialized using 'CodeIgniter\Session\Handlers\FileHandler' driver.
INFO - 2024-12-03 12:05:01 --> Session: Class initialized using 'CodeIgniter\Session\Handlers\FileHandler' driver.
INFO - 2024-12-03 12:05:01 --> Session: Class initialized using 'CodeIgniter\Session\Handlers\FileHandler' driver.
INFO - 2024-12-03 12:05:01 --> Session: Class initialized using 'CodeIgniter\Session\Handlers\FileHandler' driver.
INFO - 2024-12-03 12:05:01 --> Session: Class initialized using 'CodeIgniter\Session\Handlers\FileHandler' driver.
INFO - 2024-12-03 12:05:01 --> Session: Class initialized using 'CodeIgniter\Session\Handlers\FileHandler' driver.
INFO - 2024-12-03 12:05:02 --> Session: Class initialized using 'CodeIgniter\Session\Handlers\FileHandler' driver.
INFO - 2024-12-03 12:05:02 --> Session: Class initialized using 'CodeIgniter\Session\Handlers\FileHandler' driver.
INFO - 2024-12-03 12:06:36 --> Session: Class initialized using 'CodeIgniter\Session\Handlers\FileHandler' driver.
INFO - 2024-12-03 12:06:36 --> Session: Class initialized using 'CodeIgniter\Session\Handlers\FileHandler' driver.
INFO - 2024-12-03 12:06:43 --> Session: Class initialized using 'CodeIgniter\Session\Handlers\FileHandler' driver.
INFO - 2024-12-03 12:06:56 --> Session: Class initialized using 'CodeIgniter\Session\Handlers\FileHandler' driver.
INFO - 2024-12-03 12:07:03 --> Session: Class initialized using 'CodeIgniter\Session\Handlers\FileHandler' driver.
INFO - 2024-12-03 12:07:03 --> Session: Class initialized using 'CodeIgniter\Session\Handlers\FileHandler' driver.
INFO - 2024-12-03 12:08:48 --> Session: Class initialized using 'CodeIgniter\Session\Handlers\FileHandler' driver.
INFO - 2024-12-03 12:08:58 --> Session: Class initialized using 'CodeIgniter\Session\Handlers\FileHandler' driver.
INFO - 2024-12-03 12:08:59 --> Session: Class initialized using 'CodeIgniter\Session\Handlers\FileHandler' driver.
INFO - 2024-12-03 12:09:08 --> Session: Class initialized using 'CodeIgniter\Session\Handlers\FileHandler' driver.
INFO - 2024-12-03 12:10:31 --> Session: Class initialized using 'CodeIgniter\Session\Handlers\FileHandler' driver.
INFO - 2024-12-03 12:10:34 --> Session: Class initialized using 'CodeIgniter\Session\Handlers\FileHandler' driver.
INFO - 2024-12-03 12:10:43 --> Session: Class initialized using 'CodeIgniter\Session\Handlers\FileHandler' driver.
INFO - 2024-12-03 12:10:55 --> Session: Class initialized using 'CodeIgniter\Session\Handlers\FileHandler' driver.
INFO - 2024-12-03 12:10:58 --> Session: Class initialized using 'CodeIgniter\Session\Handlers\FileHandler' driver.
INFO - 2024-12-03 12:11:10 --> Session: Class initialized using 'CodeIgniter\Session\Handlers\FileHandler' driver.
INFO - 2024-12-03 12:11:31 --> Session: Class initialized using 'CodeIgniter\Session\Handlers\FileHandler' driver.
INFO - 2024-12-03 12:11:33 --> Session: Class initialized using 'CodeIgniter\Session\Handlers\FileHandler' driver.
INFO - 2024-12-03 12:11:41 --> Session: Class initialized using 'CodeIgniter\Session\Handlers\FileHandler' driver.
INFO - 2024-12-03 12:48:54 --> Session: Class initialized using 'CodeIgniter\Session\Handlers\FileHandler' driver.
INFO - 2024-12-03 12:49:06 --> Session: Class initialized using 'CodeIgniter\Session\Handlers\FileHandler' driver.
INFO - 2024-12-03 12:49:10 --> Session: Class initialized using 'CodeIgniter\Session\Handlers\FileHandler' driver.
INFO - 2024-12-03 12:49:17 --> Session: Class initialized using 'CodeIgniter\Session\Handlers\FileHandler' driver.
INFO - 2024-12-03 12:49:34 --> Session: Class initialized using 'CodeIgniter\Session\Handlers\FileHandler' driver.
INFO - 2024-12-03 12:49:45 --> Session: Class initialized using 'CodeIgniter\Session\Handlers\FileHandler' driver.
INFO - 2024-12-03 12:49:46 --> Session: Class initialized using 'CodeIgniter\Session\Handlers\FileHandler' driver.
INFO - 2024-12-03 12:49:47 --> Session: Class initialized using 'CodeIgniter\Session\Handlers\FileHandler' driver.
INFO - 2024-12-03 12:50:52 --> Session: Class initialized using 'CodeIgniter\Session\Handlers\FileHandler' driver.
INFO - 2024-12-03 12:51:08 --> Session: Class initialized using 'CodeIgniter\Session\Handlers\FileHandler' driver.
INFO - 2024-12-03 12:51:09 --> Session: Class initialized using 'CodeIgniter\Session\Handlers\FileHandler' driver.
INFO - 2024-12-03 12:51:10 --> Session: Class initialized using 'CodeIgniter\Session\Handlers\FileHandler' driver.
INFO - 2024-12-03 12:51:11 --> Session: Class initialized using 'CodeIgniter\Session\Handlers\FileHandler' driver.
INFO - 2024-12-03 12:51:18 --> Session: Class initialized using 'CodeIgniter\Session\Handlers\FileHandler' driver.
INFO - 2024-12-03 13:18:41 --> Session: Class initialized using 'CodeIgniter\Session\Handlers\FileHandler' driver.
CRITICAL - 2024-12-03 13:18:41 --> ErrorException: Undefined variable $rps_list
[Method: GET, Route: dosen/daftar_upload]
in APPPATH\Views\dosen\daftar_upload.php on line 30.
 1 APPPATH\Views\dosen\daftar_upload.php(30): CodeIgniter\Debug\Exceptions->errorHandler()
 2 SYSTEMPATH\View\View.php(234): include('C:\\xampp\\htdocs\\ci4\\app\\Views\\dosen\\daftar_upload.php')
 3 SYSTEMPATH\View\View.php(237): CodeIgniter\View\View->CodeIgniter\View\{closure}()
 4 SYSTEMPATH\Common.php(1171): CodeIgniter\View\View->render()
 5 APPPATH\Controllers\dosenController.php(85): view()
 6 SYSTEMPATH\CodeIgniter.php(933): App\Controllers\dosenController->daftar_upload()
 7 SYSTEMPATH\CodeIgniter.php(509): CodeIgniter\CodeIgniter->runController()
 8 SYSTEMPATH\CodeIgniter.php(355): CodeIgniter\CodeIgniter->handleRequest()
 9 SYSTEMPATH\Boot.php(325): CodeIgniter\CodeIgniter->run()
10 SYSTEMPATH\Boot.php(67): CodeIgniter\Boot::runCodeIgniter()
11 FCPATH\index.php(56): CodeIgniter\Boot::bootWeb()
12 SYSTEMPATH\rewrite.php(44): require_once('C:\\xampp\\htdocs\\ci4\\public\\index.php')
INFO - 2024-12-03 13:19:02 --> Session: Class initialized using 'CodeIgniter\Session\Handlers\FileHandler' driver.
INFO - 2024-12-03 13:19:31 --> Session: Class initialized using 'CodeIgniter\Session\Handlers\FileHandler' driver.
INFO - 2024-12-03 13:19:46 --> Session: Class initialized using 'CodeIgniter\Session\Handlers\FileHandler' driver.
INFO - 2024-12-03 13:19:57 --> Session: Class initialized using 'CodeIgniter\Session\Handlers\FileHandler' driver.
